{"meta": {"format": 3, "version": "7.10.5", "timestamp": "2025-10-24T16:36:01.944432", "branch_coverage": false, "show_contexts": false}, "files": {"app/__init__.py": {"executed_lines": [1, 8, 9], "summary": {"covered_lines": 2, "num_statements": 2, "percent_covered": 100.0, "percent_covered_display": "100", "missing_lines": 0, "excluded_lines": 0}, "missing_lines": [], "excluded_lines": [], "functions": {"": {"executed_lines": [1, 8, 9], "summary": {"covered_lines": 2, "num_statements": 2, "percent_covered": 100.0, "percent_covered_display": "100", "missing_lines": 0, "excluded_lines": 0}, "missing_lines": [], "excluded_lines": []}}, "classes": {"": {"executed_lines": [1, 8, 9], "summary": {"covered_lines": 2, "num_statements": 2, "percent_covered": 100.0, "percent_covered_display": "100", "missing_lines": 0, "excluded_lines": 0}, "missing_lines": [], "excluded_lines": []}}}, "app/core/__init__.py": {"executed_lines": [1], "summary": {"covered_lines": 0, "num_statements": 0, "percent_covered": 100.0, "percent_covered_display": "100", "missing_lines": 0, "excluded_lines": 0}, "missing_lines": [], "excluded_lines": [], "functions": {"": {"executed_lines": [1], "summary": {"covered_lines": 0, "num_statements": 0, "percent_covered": 100.0, "percent_covered_display": "100", "missing_lines": 0, "excluded_lines": 0}, "missing_lines": [], "excluded_lines": []}}, "classes": {"": {"executed_lines": [1], "summary": {"covered_lines": 0, "num_statements": 0, "percent_covered": 100.0, "percent_covered_display": "100", "missing_lines": 0, "excluded_lines": 0}, "missing_lines": [], "excluded_lines": []}}}, "app/core/auth.py": {"executed_lines": [1, 7, 8, 9, 10, 11, 13, 14, 15, 19, 22, 39, 46, 47, 49, 50, 53, 54, 57, 58, 63, 70, 85, 89, 92, 114, 162, 163, 168, 170, 172, 185, 207], "summary": {"covered_lines": 31, "num_statements": 66, "percent_covered": 46.96969696969697, "percent_covered_display": "47", "missing_lines": 35, "excluded_lines": 0}, "missing_lines": [55, 59, 60, 64, 65, 67, 86, 107, 108, 111, 124, 130, 131, 133, 135, 136, 138, 139, 142, 143, 144, 146, 149, 150, 151, 153, 155, 157, 159, 182, 183, 195, 196, 197, 199], "excluded_lines": [], "functions": {"get_current_user": {"executed_lines": [39, 46, 47, 49, 50, 53, 54, 57, 58, 63], "summary": {"covered_lines": 10, "num_statements": 16, "percent_covered": 62.5, "percent_covered_display": "62", "missing_lines": 6, "excluded_lines": 0}, "missing_lines": [55, 59, 60, 64, 65, 67], "excluded_lines": []}, "get_current_active_user": {"executed_lines": [85, 89], "summary": {"covered_lines": 2, "num_statements": 3, "percent_covered": 66.66666666666667, "percent_covered_display": "67", "missing_lines": 1, "excluded_lines": 0}, "missing_lines": [86], "excluded_lines": []}, "get_current_admin_user": {"executed_lines": [], "summary": {"covered_lines": 0, "num_statements": 3, "percent_covered": 0.0, "percent_covered_display": "0", "missing_lines": 3, "excluded_lines": 0}, "missing_lines": [107, 108, 111], "excluded_lines": []}, "get_optional_current_user": {"executed_lines": [], "summary": {"covered_lines": 0, "num_statements": 2, "percent_covered": 0.0, "percent_covered_display": "0", "missing_lines": 2, "excluded_lines": 0}, "missing_lines": [124, 159], "excluded_lines": []}, "get_optional_current_user._get_optional_current_user": {"executed_lines": [], "summary": {"covered_lines": 0, "num_statements": 17, "percent_covered": 0.0, "percent_covered_display": "0", "missing_lines": 17, "excluded_lines": 0}, "missing_lines": [130, 131, 133, 135, 136, 138, 139, 142, 143, 144, 146, 149, 150, 151, 153, 155, 157], "excluded_lines": []}, "AuthMiddleware.__init__": {"executed_lines": [170], "summary": {"covered_lines": 1, "num_statements": 1, "percent_covered": 100.0, "percent_covered_display": "100", "missing_lines": 0, "excluded_lines": 0}, "missing_lines": [], "excluded_lines": []}, "AuthMiddleware.check_token_validity": {"executed_lines": [], "summary": {"covered_lines": 0, "num_statements": 2, "percent_covered": 0.0, "percent_covered_display": "0", "missing_lines": 2, "excluded_lines": 0}, "missing_lines": [182, 183], "excluded_lines": []}, "AuthMiddleware.extract_user_info": {"executed_lines": [], "summary": {"covered_lines": 0, "num_statements": 4, "percent_covered": 0.0, "percent_covered_display": "0", "missing_lines": 4, "excluded_lines": 0}, "missing_lines": [195, 196, 197, 199], "excluded_lines": []}, "": {"executed_lines": [1, 7, 8, 9, 10, 11, 13, 14, 15, 19, 22, 70, 92, 114, 162, 163, 168, 172, 185, 207], "summary": {"covered_lines": 18, "num_statements": 18, "percent_covered": 100.0, "percent_covered_display": "100", "missing_lines": 0, "excluded_lines": 0}, "missing_lines": [], "excluded_lines": []}}, "classes": {"AuthMiddleware": {"executed_lines": [170], "summary": {"covered_lines": 1, "num_statements": 7, "percent_covered": 14.285714285714286, "percent_covered_display": "14", "missing_lines": 6, "excluded_lines": 0}, "missing_lines": [182, 183, 195, 196, 197, 199], "excluded_lines": []}, "": {"executed_lines": [1, 7, 8, 9, 10, 11, 13, 14, 15, 19, 22, 39, 46, 47, 49, 50, 53, 54, 57, 58, 63, 70, 85, 89, 92, 114, 162, 163, 168, 172, 185, 207], "summary": {"covered_lines": 30, "num_statements": 59, "percent_covered": 50.847457627118644, "percent_covered_display": "51", "missing_lines": 29, "excluded_lines": 0}, "missing_lines": [55, 59, 60, 64, 65, 67, 86, 107, 108, 111, 124, 130, 131, 133, 135, 136, 138, 139, 142, 143, 144, 146, 149, 150, 151, 153, 155, 157, 159], "excluded_lines": []}}}, "app/core/celery_app.py": {"executed_lines": [1, 6, 7, 8, 11, 19, 53], "summary": {"covered_lines": 6, "num_statements": 6, "percent_covered": 100.0, "percent_covered_display": "100", "missing_lines": 0, "excluded_lines": 0}, "missing_lines": [], "excluded_lines": [], "functions": {"": {"executed_lines": [1, 6, 7, 8, 11, 19, 53], "summary": {"covered_lines": 6, "num_statements": 6, "percent_covered": 100.0, "percent_covered_display": "100", "missing_lines": 0, "excluded_lines": 0}, "missing_lines": [], "excluded_lines": []}}, "classes": {"": {"executed_lines": [1, 6, 7, 8, 11, 19, 53], "summary": {"covered_lines": 6, "num_statements": 6, "percent_covered": 100.0, "percent_covered_display": "100", "missing_lines": 0, "excluded_lines": 0}, "missing_lines": [], "excluded_lines": []}}}, "app/core/celery_config.py": {"executed_lines": [], "summary": {"covered_lines": 0, "num_statements": 38, "percent_covered": 0.0, "percent_covered_display": "0", "missing_lines": 38, "excluded_lines": 0}, "missing_lines": [6, 7, 8, 9, 10, 11, 13, 16, 123, 132, 140, 149, 152, 153, 154, 156, 159, 160, 162, 167, 168, 170, 171, 173, 174, 177, 178, 180, 181, 184, 186, 189, 191, 192, 195, 208, 212, 215], "excluded_lines": [], "functions": {"ResourceAwareCelery.__init__": {"executed_lines": [], "summary": {"covered_lines": 0, "num_statements": 2, "percent_covered": 0.0, "percent_covered_display": "0", "missing_lines": 2, "excluded_lines": 0}, "missing_lines": [153, 154], "excluded_lines": []}, "ResourceAwareCelery._setup_resource_monitoring": {"executed_lines": [], "summary": {"covered_lines": 0, "num_statements": 6, "percent_covered": 0.0, "percent_covered_display": "0", "missing_lines": 6, "excluded_lines": 0}, "missing_lines": [159, 160, 167, 168, 180, 181], "excluded_lines": []}, "ResourceAwareCelery._setup_resource_monitoring.graceful_shutdown": {"executed_lines": [], "summary": {"covered_lines": 0, "num_statements": 1, "percent_covered": 0.0, "percent_covered_display": "0", "missing_lines": 1, "excluded_lines": 0}, "missing_lines": [162], "excluded_lines": []}, "ResourceAwareCelery._setup_resource_monitoring.check_resources_before_task": {"executed_lines": [], "summary": {"covered_lines": 0, "num_statements": 6, "percent_covered": 0.0, "percent_covered_display": "0", "missing_lines": 6, "excluded_lines": 0}, "missing_lines": [170, 171, 173, 174, 177, 178], "excluded_lines": []}, "ResourceAwareCelery._setup_resource_monitoring.cleanup_after_task": {"executed_lines": [], "summary": {"covered_lines": 0, "num_statements": 2, "percent_covered": 0.0, "percent_covered_display": "0", "missing_lines": 2, "excluded_lines": 0}, "missing_lines": [184, 186], "excluded_lines": []}, "create_celery_app": {"executed_lines": [], "summary": {"covered_lines": 0, "num_statements": 4, "percent_covered": 0.0, "percent_covered_display": "0", "missing_lines": 4, "excluded_lines": 0}, "missing_lines": [191, 192, 195, 208], "excluded_lines": []}, "": {"executed_lines": [], "summary": {"covered_lines": 0, "num_statements": 17, "percent_covered": 0.0, "percent_covered_display": "0", "missing_lines": 17, "excluded_lines": 0}, "missing_lines": [6, 7, 8, 9, 10, 11, 13, 16, 123, 132, 140, 149, 152, 156, 189, 212, 215], "excluded_lines": []}}, "classes": {"ResourceAwareCelery": {"executed_lines": [], "summary": {"covered_lines": 0, "num_statements": 17, "percent_covered": 0.0, "percent_covered_display": "0", "missing_lines": 17, "excluded_lines": 0}, "missing_lines": [153, 154, 159, 160, 162, 167, 168, 170, 171, 173, 174, 177, 178, 180, 181, 184, 186], "excluded_lines": []}, "": {"executed_lines": [], "summary": {"covered_lines": 0, "num_statements": 21, "percent_covered": 0.0, "percent_covered_display": "0", "missing_lines": 21, "excluded_lines": 0}, "missing_lines": [6, 7, 8, 9, 10, 11, 13, 16, 123, 132, 140, 149, 152, 156, 189, 191, 192, 195, 208, 212, 215], "excluded_lines": []}}}, "app/core/config.py": {"executed_lines": [1, 7, 8, 9, 12, 13, 16, 17, 18, 21, 24, 29, 32, 33, 34, 37, 38, 39, 42, 43, 44, 45, 48, 49, 50, 53, 54, 57, 58, 59, 60, 63, 66, 68, 69, 78, 103, 105, 106, 108, 109, 116, 117, 119, 120, 124], "summary": {"covered_lines": 43, "num_statements": 50, "percent_covered": 86.0, "percent_covered_display": "86", "missing_lines": 7, "excluded_lines": 0}, "missing_lines": [80, 81, 87, 91, 97, 98, 114], "excluded_lines": [], "functions": {"Settings.validate_production_settings": {"executed_lines": [78, 103], "summary": {"covered_lines": 2, "num_statements": 8, "percent_covered": 25.0, "percent_covered_display": "25", "missing_lines": 6, "excluded_lines": 0}, "missing_lines": [80, 81, 87, 91, 97, 98], "excluded_lines": []}, "Settings.cors_origins_list": {"executed_lines": [108, 109], "summary": {"covered_lines": 2, "num_statements": 3, "percent_covered": 66.66666666666667, "percent_covered_display": "67", "missing_lines": 1, "excluded_lines": 0}, "missing_lines": [114], "excluded_lines": []}, "": {"executed_lines": [1, 7, 8, 9, 12, 13, 16, 17, 18, 21, 24, 29, 32, 33, 34, 37, 38, 39, 42, 43, 44, 45, 48, 49, 50, 53, 54, 57, 58, 59, 60, 63, 66, 68, 69, 105, 106, 116, 117, 119, 120, 124], "summary": {"covered_lines": 39, "num_statements": 39, "percent_covered": 100.0, "percent_covered_display": "100", "missing_lines": 0, "excluded_lines": 0}, "missing_lines": [], "excluded_lines": []}}, "classes": {"Settings": {"executed_lines": [78, 103, 108, 109], "summary": {"covered_lines": 4, "num_statements": 11, "percent_covered": 36.36363636363637, "percent_covered_display": "36", "missing_lines": 7, "excluded_lines": 0}, "missing_lines": [80, 81, 87, 91, 97, 98, 114], "excluded_lines": []}, "Settings.Config": {"executed_lines": [], "summary": {"covered_lines": 0, "num_statements": 0, "percent_covered": 100.0, "percent_covered_display": "100", "missing_lines": 0, "excluded_lines": 0}, "missing_lines": [], "excluded_lines": []}, "": {"executed_lines": [1, 7, 8, 9, 12, 13, 16, 17, 18, 21, 24, 29, 32, 33, 34, 37, 38, 39, 42, 43, 44, 45, 48, 49, 50, 53, 54, 57, 58, 59, 60, 63, 66, 68, 69, 105, 106, 116, 117, 119, 120, 124], "summary": {"covered_lines": 39, "num_statements": 39, "percent_covered": 100.0, "percent_covered_display": "100", "missing_lines": 0, "excluded_lines": 0}, "missing_lines": [], "excluded_lines": []}}}, "app/core/database.py": {"executed_lines": [1, 7, 8, 9, 10, 11, 13, 16, 17, 26, 38, 43, 46, 49, 72], "summary": {"covered_lines": 14, "num_statements": 24, "percent_covered": 58.333333333333336, "percent_covered_display": "58", "missing_lines": 10, "excluded_lines": 0}, "missing_lines": [62, 63, 64, 65, 66, 67, 69, 81, 82, 84], "excluded_lines": [], "functions": {"get_database_session": {"executed_lines": [], "summary": {"covered_lines": 0, "num_statements": 7, "percent_covered": 0.0, "percent_covered_display": "0", "missing_lines": 7, "excluded_lines": 0}, "missing_lines": [62, 63, 64, 65, 66, 67, 69], "excluded_lines": []}, "init_db": {"executed_lines": [], "summary": {"covered_lines": 0, "num_statements": 3, "percent_covered": 0.0, "percent_covered_display": "0", "missing_lines": 3, "excluded_lines": 0}, "missing_lines": [81, 82, 84], "excluded_lines": []}, "": {"executed_lines": [1, 7, 8, 9, 10, 11, 13, 16, 17, 26, 38, 43, 46, 49, 72], "summary": {"covered_lines": 14, "num_statements": 14, "percent_covered": 100.0, "percent_covered_display": "100", "missing_lines": 0, "excluded_lines": 0}, "missing_lines": [], "excluded_lines": []}}, "classes": {"": {"executed_lines": [1, 7, 8, 9, 10, 11, 13, 16, 17, 26, 38, 43, 46, 49, 72], "summary": {"covered_lines": 14, "num_statements": 24, "percent_covered": 58.333333333333336, "percent_covered_display": "58", "missing_lines": 10, "excluded_lines": 0}, "missing_lines": [62, 63, 64, 65, 66, 67, 69, 81, 82, 84], "excluded_lines": []}}}, "app/core/rate_limiter.py": {"executed_lines": [], "summary": {"covered_lines": 0, "num_statements": 143, "percent_covered": 0.0, "percent_covered_display": "0", "missing_lines": 143, "excluded_lines": 0}, "missing_lines": [6, 7, 8, 9, 10, 11, 12, 14, 17, 23, 30, 31, 32, 33, 36, 37, 38, 39, 40, 42, 50, 52, 53, 55, 57, 58, 59, 60, 63, 64, 65, 71, 72, 73, 74, 80, 81, 82, 84, 86, 87, 89, 91, 95, 96, 98, 100, 103, 104, 105, 108, 109, 112, 114, 115, 117, 118, 119, 121, 125, 126, 128, 130, 133, 134, 137, 139, 141, 142, 144, 149, 150, 152, 153, 161, 162, 165, 169, 171, 172, 173, 175, 179, 180, 182, 184, 188, 189, 191, 192, 194, 196, 197, 198, 200, 204, 205, 207, 208, 209, 212, 213, 215, 226, 227, 228, 230, 234, 236, 237, 238, 240, 241, 247, 248, 249, 251, 253, 254, 256, 258, 260, 261, 263, 265, 266, 269, 270, 273, 277, 278, 282, 285, 289, 290, 291, 297, 298, 299, 300, 301, 302, 305], "excluded_lines": [], "functions": {"ParsingRateLimiter.__init__": {"executed_lines": [], "summary": {"covered_lines": 0, "num_statements": 9, "percent_covered": 0.0, "percent_covered_display": "0", "missing_lines": 9, "excluded_lines": 0}, "missing_lines": [30, 31, 32, 33, 36, 37, 38, 39, 40], "excluded_lines": []}, "ParsingRateLimiter.can_start_parsing": {"executed_lines": [], "summary": {"covered_lines": 0, "num_statements": 22, "percent_covered": 0.0, "percent_covered_display": "0", "missing_lines": 22, "excluded_lines": 0}, "missing_lines": [50, 52, 53, 55, 57, 58, 59, 60, 63, 64, 65, 71, 72, 73, 74, 80, 81, 82, 84, 86, 87, 89], "excluded_lines": []}, "ParsingRateLimiter.acquire_slot": {"executed_lines": [], "summary": {"covered_lines": 0, "num_statements": 15, "percent_covered": 0.0, "percent_covered_display": "0", "missing_lines": 15, "excluded_lines": 0}, "missing_lines": [95, 96, 98, 100, 103, 104, 105, 108, 109, 112, 114, 115, 117, 118, 119], "excluded_lines": []}, "ParsingRateLimiter.release_slot": {"executed_lines": [], "summary": {"covered_lines": 0, "num_statements": 10, "percent_covered": 0.0, "percent_covered_display": "0", "missing_lines": 10, "excluded_lines": 0}, "missing_lines": [125, 126, 128, 130, 133, 134, 137, 139, 141, 142], "excluded_lines": []}, "ParsingRateLimiter.add_to_queue": {"executed_lines": [], "summary": {"covered_lines": 0, "num_statements": 11, "percent_covered": 0.0, "percent_covered_display": "0", "missing_lines": 11, "excluded_lines": 0}, "missing_lines": [149, 150, 152, 153, 161, 162, 165, 169, 171, 172, 173], "excluded_lines": []}, "ParsingRateLimiter.get_next_from_queue": {"executed_lines": [], "summary": {"covered_lines": 0, "num_statements": 12, "percent_covered": 0.0, "percent_covered_display": "0", "missing_lines": 12, "excluded_lines": 0}, "missing_lines": [179, 180, 182, 184, 188, 189, 191, 192, 194, 196, 197, 198], "excluded_lines": []}, "ParsingRateLimiter.get_stats": {"executed_lines": [], "summary": {"covered_lines": 0, "num_statements": 11, "percent_covered": 0.0, "percent_covered_display": "0", "missing_lines": 11, "excluded_lines": 0}, "missing_lines": [204, 205, 207, 208, 209, 212, 213, 215, 226, 227, 228], "excluded_lines": []}, "ParsingRateLimiter._check_system_resources": {"executed_lines": [], "summary": {"covered_lines": 0, "num_statements": 13, "percent_covered": 0.0, "percent_covered_display": "0", "missing_lines": 13, "excluded_lines": 0}, "missing_lines": [234, 236, 237, 238, 240, 241, 247, 248, 249, 251, 253, 254, 256], "excluded_lines": []}, "ParsingRateLimiter._update_stats": {"executed_lines": [], "summary": {"covered_lines": 0, "num_statements": 10, "percent_covered": 0.0, "percent_covered_display": "0", "missing_lines": 10, "excluded_lines": 0}, "missing_lines": [260, 261, 263, 265, 266, 269, 270, 273, 277, 278], "excluded_lines": []}, "init_rate_limiter": {"executed_lines": [], "summary": {"covered_lines": 0, "num_statements": 9, "percent_covered": 0.0, "percent_covered_display": "0", "missing_lines": 9, "excluded_lines": 0}, "missing_lines": [289, 290, 291, 297, 298, 299, 300, 301, 302], "excluded_lines": []}, "": {"executed_lines": [], "summary": {"covered_lines": 0, "num_statements": 21, "percent_covered": 0.0, "percent_covered_display": "0", "missing_lines": 21, "excluded_lines": 0}, "missing_lines": [6, 7, 8, 9, 10, 11, 12, 14, 17, 23, 42, 91, 121, 144, 175, 200, 230, 258, 282, 285, 305], "excluded_lines": []}}, "classes": {"ParsingRateLimiter": {"executed_lines": [], "summary": {"covered_lines": 0, "num_statements": 113, "percent_covered": 0.0, "percent_covered_display": "0", "missing_lines": 113, "excluded_lines": 0}, "missing_lines": [30, 31, 32, 33, 36, 37, 38, 39, 40, 50, 52, 53, 55, 57, 58, 59, 60, 63, 64, 65, 71, 72, 73, 74, 80, 81, 82, 84, 86, 87, 89, 95, 96, 98, 100, 103, 104, 105, 108, 109, 112, 114, 115, 117, 118, 119, 125, 126, 128, 130, 133, 134, 137, 139, 141, 142, 149, 150, 152, 153, 161, 162, 165, 169, 171, 172, 173, 179, 180, 182, 184, 188, 189, 191, 192, 194, 196, 197, 198, 204, 205, 207, 208, 209, 212, 213, 215, 226, 227, 228, 234, 236, 237, 238, 240, 241, 247, 248, 249, 251, 253, 254, 256, 260, 261, 263, 265, 266, 269, 270, 273, 277, 278], "excluded_lines": []}, "": {"executed_lines": [], "summary": {"covered_lines": 0, "num_statements": 30, "percent_covered": 0.0, "percent_covered_display": "0", "missing_lines": 30, "excluded_lines": 0}, "missing_lines": [6, 7, 8, 9, 10, 11, 12, 14, 17, 23, 42, 91, 121, 144, 175, 200, 230, 258, 282, 285, 289, 290, 291, 297, 298, 299, 300, 301, 302, 305], "excluded_lines": []}}}, "app/core/tasks.py": {"executed_lines": [1, 6, 7, 8, 9, 10, 11, 12, 14, 15, 16, 17, 21, 24, 25, 29, 30, 32, 33, 36, 37, 39, 42, 65, 66, 99, 263, 264, 294, 389, 390, 421, 456, 457, 480, 523, 524, 529, 530, 541], "summary": {"covered_lines": 39, "num_statements": 237, "percent_covered": 16.455696202531644, "percent_covered_display": "16", "missing_lines": 198, "excluded_lines": 0}, "missing_lines": [26, 28, 35, 51, 52, 53, 55, 56, 58, 59, 62, 76, 77, 78, 79, 81, 83, 86, 87, 89, 90, 91, 92, 93, 95, 96, 101, 102, 105, 106, 108, 109, 110, 111, 113, 116, 121, 123, 125, 126, 129, 130, 131, 134, 139, 141, 146, 150, 151, 153, 158, 163, 165, 166, 167, 170, 171, 176, 177, 178, 179, 182, 184, 199, 200, 204, 207, 208, 210, 211, 214, 215, 216, 219, 220, 222, 225, 229, 230, 233, 234, 235, 237, 241, 244, 247, 248, 249, 251, 259, 260, 277, 278, 282, 284, 287, 289, 290, 291, 298, 299, 300, 301, 302, 304, 305, 306, 309, 312, 314, 315, 316, 317, 319, 324, 332, 334, 336, 345, 346, 347, 349, 358, 359, 364, 365, 368, 369, 373, 374, 375, 376, 378, 404, 405, 409, 413, 414, 416, 417, 418, 425, 426, 429, 439, 440, 442, 443, 451, 453, 467, 468, 470, 472, 473, 475, 476, 477, 482, 483, 484, 486, 488, 490, 493, 495, 496, 498, 499, 501, 502, 503, 506, 507, 509, 510, 511, 513, 515, 526, 532, 533, 534, 536, 537, 538, 543, 544, 546, 548, 549, 552, 553, 556, 557, 560, 563, 565], "excluded_lines": [], "functions": {"_run_async_task": {"executed_lines": [], "summary": {"covered_lines": 0, "num_statements": 8, "percent_covered": 0.0, "percent_covered_display": "0", "missing_lines": 8, "excluded_lines": 0}, "missing_lines": [51, 52, 53, 55, 56, 58, 59, 62], "excluded_lines": []}, "process_book_task": {"executed_lines": [], "summary": {"covered_lines": 0, "num_statements": 15, "percent_covered": 0.0, "percent_covered_display": "0", "missing_lines": 15, "excluded_lines": 0}, "missing_lines": [76, 77, 78, 79, 81, 83, 86, 87, 89, 90, 91, 92, 93, 95, 96], "excluded_lines": []}, "_process_book_async": {"executed_lines": [], "summary": {"covered_lines": 0, "num_statements": 65, "percent_covered": 0.0, "percent_covered_display": "0", "missing_lines": 65, "excluded_lines": 0}, "missing_lines": [101, 102, 105, 106, 108, 109, 110, 111, 113, 116, 121, 123, 125, 126, 129, 130, 131, 134, 139, 141, 146, 150, 151, 153, 158, 163, 165, 166, 167, 170, 171, 176, 177, 178, 179, 182, 184, 199, 200, 204, 207, 208, 210, 211, 214, 215, 216, 219, 220, 222, 225, 229, 230, 233, 234, 235, 237, 241, 244, 247, 248, 249, 251, 259, 260], "excluded_lines": []}, "generate_images_task": {"executed_lines": [], "summary": {"covered_lines": 0, "num_statements": 8, "percent_covered": 0.0, "percent_covered_display": "0", "missing_lines": 8, "excluded_lines": 0}, "missing_lines": [277, 278, 282, 284, 287, 289, 290, 291], "excluded_lines": []}, "_generate_images_async": {"executed_lines": [], "summary": {"covered_lines": 0, "num_statements": 34, "percent_covered": 0.0, "percent_covered_display": "0", "missing_lines": 34, "excluded_lines": 0}, "missing_lines": [298, 299, 300, 301, 302, 304, 305, 306, 309, 312, 314, 315, 316, 317, 319, 324, 332, 334, 336, 345, 346, 347, 349, 358, 359, 364, 365, 368, 369, 373, 374, 375, 376, 378], "excluded_lines": []}, "batch_generate_for_book_task": {"executed_lines": [], "summary": {"covered_lines": 0, "num_statements": 8, "percent_covered": 0.0, "percent_covered_display": "0", "missing_lines": 8, "excluded_lines": 0}, "missing_lines": [404, 405, 409, 413, 414, 416, 417, 418], "excluded_lines": []}, "_batch_generate_for_book_async": {"executed_lines": [], "summary": {"covered_lines": 0, "num_statements": 9, "percent_covered": 0.0, "percent_covered_display": "0", "missing_lines": 9, "excluded_lines": 0}, "missing_lines": [425, 426, 429, 439, 440, 442, 443, 451, 453], "excluded_lines": []}, "cleanup_old_images_task": {"executed_lines": [], "summary": {"covered_lines": 0, "num_statements": 8, "percent_covered": 0.0, "percent_covered_display": "0", "missing_lines": 8, "excluded_lines": 0}, "missing_lines": [467, 468, 470, 472, 473, 475, 476, 477], "excluded_lines": []}, "_cleanup_old_images_async": {"executed_lines": [], "summary": {"covered_lines": 0, "num_statements": 21, "percent_covered": 0.0, "percent_covered_display": "0", "missing_lines": 21, "excluded_lines": 0}, "missing_lines": [482, 483, 484, 486, 488, 490, 493, 495, 496, 498, 499, 501, 502, 503, 506, 507, 509, 510, 511, 513, 515], "excluded_lines": []}, "health_check_task": {"executed_lines": [], "summary": {"covered_lines": 0, "num_statements": 1, "percent_covered": 0.0, "percent_covered_display": "0", "missing_lines": 1, "excluded_lines": 0}, "missing_lines": [526], "excluded_lines": []}, "system_stats_task": {"executed_lines": [], "summary": {"covered_lines": 0, "num_statements": 6, "percent_covered": 0.0, "percent_covered_display": "0", "missing_lines": 6, "excluded_lines": 0}, "missing_lines": [532, 533, 534, 536, 537, 538], "excluded_lines": []}, "_get_system_stats_async": {"executed_lines": [], "summary": {"covered_lines": 0, "num_statements": 12, "percent_covered": 0.0, "percent_covered_display": "0", "missing_lines": 12, "excluded_lines": 0}, "missing_lines": [543, 544, 546, 548, 549, 552, 553, 556, 557, 560, 563, 565], "excluded_lines": []}, "": {"executed_lines": [1, 6, 7, 8, 9, 10, 11, 12, 14, 15, 16, 17, 21, 24, 25, 29, 30, 32, 33, 36, 37, 39, 42, 65, 66, 99, 263, 264, 294, 389, 390, 421, 456, 457, 480, 523, 524, 529, 530, 541], "summary": {"covered_lines": 39, "num_statements": 42, "percent_covered": 92.85714285714286, "percent_covered_display": "93", "missing_lines": 3, "excluded_lines": 0}, "missing_lines": [26, 28, 35], "excluded_lines": []}}, "classes": {"": {"executed_lines": [1, 6, 7, 8, 9, 10, 11, 12, 14, 15, 16, 17, 21, 24, 25, 29, 30, 32, 33, 36, 37, 39, 42, 65, 66, 99, 263, 264, 294, 389, 390, 421, 456, 457, 480, 523, 524, 529, 530, 541], "summary": {"covered_lines": 39, "num_statements": 237, "percent_covered": 16.455696202531644, "percent_covered_display": "16", "missing_lines": 198, "excluded_lines": 0}, "missing_lines": [26, 28, 35, 51, 52, 53, 55, 56, 58, 59, 62, 76, 77, 78, 79, 81, 83, 86, 87, 89, 90, 91, 92, 93, 95, 96, 101, 102, 105, 106, 108, 109, 110, 111, 113, 116, 121, 123, 125, 126, 129, 130, 131, 134, 139, 141, 146, 150, 151, 153, 158, 163, 165, 166, 167, 170, 171, 176, 177, 178, 179, 182, 184, 199, 200, 204, 207, 208, 210, 211, 214, 215, 216, 219, 220, 222, 225, 229, 230, 233, 234, 235, 237, 241, 244, 247, 248, 249, 251, 259, 260, 277, 278, 282, 284, 287, 289, 290, 291, 298, 299, 300, 301, 302, 304, 305, 306, 309, 312, 314, 315, 316, 317, 319, 324, 332, 334, 336, 345, 346, 347, 349, 358, 359, 364, 365, 368, 369, 373, 374, 375, 376, 378, 404, 405, 409, 413, 414, 416, 417, 418, 425, 426, 429, 439, 440, 442, 443, 451, 453, 467, 468, 470, 472, 473, 475, 476, 477, 482, 483, 484, 486, 488, 490, 493, 495, 496, 498, 499, 501, 502, 503, 506, 507, 509, 510, 511, 513, 515, 526, 532, 533, 534, 536, 537, 538, 543, 544, 546, 548, 549, 552, 553, 556, 557, 560, 563, 565], "excluded_lines": []}}}, "app/main.py": {"executed_lines": [1, 8, 9, 10, 11, 12, 13, 15, 16, 17, 18, 21, 24, 33, 42, 43, 44, 45, 46, 49, 50, 51, 52, 55, 56, 75, 76, 92, 93, 112, 113, 144, 145, 147, 158, 159, 176], "summary": {"covered_lines": 36, "num_statements": 56, "percent_covered": 64.28571428571429, "percent_covered_display": "64", "missing_lines": 20, "excluded_lines": 0}, "missing_lines": [58, 61, 62, 63, 64, 65, 68, 69, 70, 71, 72, 83, 100, 120, 161, 163, 164, 165, 166, 178], "excluded_lines": [], "functions": {"startup_event": {"executed_lines": [], "summary": {"covered_lines": 0, "num_statements": 11, "percent_covered": 0.0, "percent_covered_display": "0", "missing_lines": 11, "excluded_lines": 0}, "missing_lines": [58, 61, 62, 63, 64, 65, 68, 69, 70, 71, 72], "excluded_lines": []}, "root": {"executed_lines": [], "summary": {"covered_lines": 0, "num_statements": 1, "percent_covered": 0.0, "percent_covered_display": "0", "missing_lines": 1, "excluded_lines": 0}, "missing_lines": [83], "excluded_lines": []}, "health_check": {"executed_lines": [], "summary": {"covered_lines": 0, "num_statements": 1, "percent_covered": 0.0, "percent_covered_display": "0", "missing_lines": 1, "excluded_lines": 0}, "missing_lines": [100], "excluded_lines": []}, "api_info": {"executed_lines": [], "summary": {"covered_lines": 0, "num_statements": 1, "percent_covered": 0.0, "percent_covered_display": "0", "missing_lines": 1, "excluded_lines": 0}, "missing_lines": [120], "excluded_lines": []}, "not_found_handler": {"executed_lines": [147], "summary": {"covered_lines": 1, "num_statements": 1, "percent_covered": 100.0, "percent_covered_display": "100", "missing_lines": 0, "excluded_lines": 0}, "missing_lines": [], "excluded_lines": []}, "internal_error_handler": {"executed_lines": [], "summary": {"covered_lines": 0, "num_statements": 5, "percent_covered": 0.0, "percent_covered_display": "0", "missing_lines": 5, "excluded_lines": 0}, "missing_lines": [161, 163, 164, 165, 166], "excluded_lines": []}, "": {"executed_lines": [1, 8, 9, 10, 11, 12, 13, 15, 16, 17, 18, 21, 24, 33, 42, 43, 44, 45, 46, 49, 50, 51, 52, 55, 56, 75, 76, 92, 93, 112, 113, 144, 145, 158, 159, 176], "summary": {"covered_lines": 35, "num_statements": 36, "percent_covered": 97.22222222222223, "percent_covered_display": "97", "missing_lines": 1, "excluded_lines": 0}, "missing_lines": [178], "excluded_lines": []}}, "classes": {"": {"executed_lines": [1, 8, 9, 10, 11, 12, 13, 15, 16, 17, 18, 21, 24, 33, 42, 43, 44, 45, 46, 49, 50, 51, 52, 55, 56, 75, 76, 92, 93, 112, 113, 144, 145, 147, 158, 159, 176], "summary": {"covered_lines": 36, "num_statements": 56, "percent_covered": 64.28571428571429, "percent_covered_display": "64", "missing_lines": 20, "excluded_lines": 0}, "missing_lines": [58, 61, 62, 63, 64, 65, 68, 69, 70, 71, 72, 83, 100, 120, 161, 163, 164, 165, 166, 178], "excluded_lines": []}}}, "app/models/__init__.py": {"executed_lines": [1, 7, 8, 9, 10, 11, 13], "summary": {"covered_lines": 6, "num_statements": 6, "percent_covered": 100.0, "percent_covered_display": "100", "missing_lines": 0, "excluded_lines": 0}, "missing_lines": [], "excluded_lines": [], "functions": {"": {"executed_lines": [1, 7, 8, 9, 10, 11, 13], "summary": {"covered_lines": 6, "num_statements": 6, "percent_covered": 100.0, "percent_covered_display": "100", "missing_lines": 0, "excluded_lines": 0}, "missing_lines": [], "excluded_lines": []}}, "classes": {"": {"executed_lines": [1, 7, 8, 9, 10, 11, 13], "summary": {"covered_lines": 6, "num_statements": 6, "percent_covered": 100.0, "percent_covered_display": "100", "missing_lines": 0, "excluded_lines": 0}, "missing_lines": [], "excluded_lines": []}}}, "app/models/book.py": {"executed_lines": [1, 7, 19, 20, 21, 22, 23, 24, 25, 27, 29, 33, 34, 36, 37, 40, 41, 43, 44, 45, 46, 47, 48, 49, 50, 51, 54, 55, 77, 79, 80, 85, 86, 87, 88, 91, 92, 93, 96, 97, 98, 101, 102, 105, 106, 107, 110, 113, 119, 122, 123, 126, 130, 131, 133, 149, 151, 154, 157, 158, 160, 164, 174, 177, 179, 183, 184, 187, 193, 194, 196, 198, 205, 206, 220, 222, 223, 226, 231, 232, 233, 234, 237, 242, 243, 246, 249, 255, 260, 261, 263], "summary": {"covered_lines": 85, "num_statements": 94, "percent_covered": 90.42553191489361, "percent_covered_display": "90", "missing_lines": 9, "excluded_lines": 2}, "missing_lines": [161, 167, 170, 180, 188, 199, 201, 202, 264], "excluded_lines": [29, 30], "functions": {"Book.__repr__": {"executed_lines": [131], "summary": {"covered_lines": 1, "num_statements": 1, "percent_covered": 100.0, "percent_covered_display": "100", "missing_lines": 0, "excluded_lines": 0}, "missing_lines": [], "excluded_lines": []}, "Book.get_reading_progress_percent": {"executed_lines": [149, 151, 154, 157, 158, 160, 164, 174, 177, 179, 183, 184, 187, 193, 194, 196, 198], "summary": {"covered_lines": 17, "num_statements": 25, "percent_covered": 68.0, "percent_covered_display": "68", "missing_lines": 8, "excluded_lines": 0}, "missing_lines": [161, 167, 170, 180, 188, 199, 201, 202], "excluded_lines": []}, "ReadingProgress.__repr__": {"executed_lines": [], "summary": {"covered_lines": 0, "num_statements": 1, "percent_covered": 0.0, "percent_covered_display": "0", "missing_lines": 1, "excluded_lines": 0}, "missing_lines": [264], "excluded_lines": []}, "": {"executed_lines": [1, 7, 19, 20, 21, 22, 23, 24, 25, 27, 29, 33, 34, 36, 37, 40, 41, 43, 44, 45, 46, 47, 48, 49, 50, 51, 54, 55, 77, 79, 80, 85, 86, 87, 88, 91, 92, 93, 96, 97, 98, 101, 102, 105, 106, 107, 110, 113, 119, 122, 123, 126, 130, 133, 205, 206, 220, 222, 223, 226, 231, 232, 233, 234, 237, 242, 243, 246, 249, 255, 260, 261, 263], "summary": {"covered_lines": 67, "num_statements": 67, "percent_covered": 100.0, "percent_covered_display": "100", "missing_lines": 0, "excluded_lines": 2}, "missing_lines": [], "excluded_lines": [29, 30]}}, "classes": {"BookFormat": {"executed_lines": [], "summary": {"covered_lines": 0, "num_statements": 0, "percent_covered": 100.0, "percent_covered_display": "100", "missing_lines": 0, "excluded_lines": 0}, "missing_lines": [], "excluded_lines": []}, "BookGenre": {"executed_lines": [], "summary": {"covered_lines": 0, "num_statements": 0, "percent_covered": 100.0, "percent_covered_display": "100", "missing_lines": 0, "excluded_lines": 0}, "missing_lines": [], "excluded_lines": []}, "Book": {"executed_lines": [131, 149, 151, 154, 157, 158, 160, 164, 174, 177, 179, 183, 184, 187, 193, 194, 196, 198], "summary": {"covered_lines": 18, "num_statements": 26, "percent_covered": 69.23076923076923, "percent_covered_display": "69", "missing_lines": 8, "excluded_lines": 0}, "missing_lines": [161, 167, 170, 180, 188, 199, 201, 202], "excluded_lines": []}, "ReadingProgress": {"executed_lines": [], "summary": {"covered_lines": 0, "num_statements": 1, "percent_covered": 0.0, "percent_covered_display": "0", "missing_lines": 1, "excluded_lines": 0}, "missing_lines": [264], "excluded_lines": []}, "": {"executed_lines": [1, 7, 19, 20, 21, 22, 23, 24, 25, 27, 29, 33, 34, 36, 37, 40, 41, 43, 44, 45, 46, 47, 48, 49, 50, 51, 54, 55, 77, 79, 80, 85, 86, 87, 88, 91, 92, 93, 96, 97, 98, 101, 102, 105, 106, 107, 110, 113, 119, 122, 123, 126, 130, 133, 205, 206, 220, 222, 223, 226, 231, 232, 233, 234, 237, 242, 243, 246, 249, 255, 260, 261, 263], "summary": {"covered_lines": 67, "num_statements": 67, "percent_covered": 100.0, "percent_covered_display": "100", "missing_lines": 0, "excluded_lines": 2}, "missing_lines": [], "excluded_lines": [29, 30]}}}, "app/models/chapter.py": {"executed_lines": [1, 7, 8, 9, 10, 11, 13, 16, 17, 33, 35, 36, 41, 42, 45, 46, 49, 50, 53, 54, 55, 58, 61, 67, 70, 71, 75, 76, 78, 103], "summary": {"covered_lines": 28, "num_statements": 40, "percent_covered": 70.0, "percent_covered_display": "70", "missing_lines": 12, "excluded_lines": 0}, "missing_lines": [88, 89, 91, 92, 95, 96, 98, 99, 101, 113, 114, 116], "excluded_lines": [], "functions": {"Chapter.__repr__": {"executed_lines": [76], "summary": {"covered_lines": 1, "num_statements": 1, "percent_covered": 100.0, "percent_covered_display": "100", "missing_lines": 0, "excluded_lines": 0}, "missing_lines": [], "excluded_lines": []}, "Chapter.get_text_excerpt": {"executed_lines": [], "summary": {"covered_lines": 0, "num_statements": 9, "percent_covered": 0.0, "percent_covered_display": "0", "missing_lines": 9, "excluded_lines": 0}, "missing_lines": [88, 89, 91, 92, 95, 96, 98, 99, 101], "excluded_lines": []}, "Chapter.calculate_reading_time": {"executed_lines": [], "summary": {"covered_lines": 0, "num_statements": 3, "percent_covered": 0.0, "percent_covered_display": "0", "missing_lines": 3, "excluded_lines": 0}, "missing_lines": [113, 114, 116], "excluded_lines": []}, "": {"executed_lines": [1, 7, 8, 9, 10, 11, 13, 16, 17, 33, 35, 36, 41, 42, 45, 46, 49, 50, 53, 54, 55, 58, 61, 67, 70, 71, 75, 78, 103], "summary": {"covered_lines": 27, "num_statements": 27, "percent_covered": 100.0, "percent_covered_display": "100", "missing_lines": 0, "excluded_lines": 0}, "missing_lines": [], "excluded_lines": []}}, "classes": {"Chapter": {"executed_lines": [76], "summary": {"covered_lines": 1, "num_statements": 13, "percent_covered": 7.6923076923076925, "percent_covered_display": "8", "missing_lines": 12, "excluded_lines": 0}, "missing_lines": [88, 89, 91, 92, 95, 96, 98, 99, 101, 113, 114, 116], "excluded_lines": []}, "": {"executed_lines": [1, 7, 8, 9, 10, 11, 13, 16, 17, 33, 35, 36, 41, 42, 45, 46, 49, 50, 53, 54, 55, 58, 61, 67, 70, 71, 75, 78, 103], "summary": {"covered_lines": 27, "num_statements": 27, "percent_covered": 100.0, "percent_covered_display": "100", "missing_lines": 0, "excluded_lines": 0}, "missing_lines": [], "excluded_lines": []}}}, "app/models/description.py": {"executed_lines": [1, 7, 18, 19, 20, 21, 22, 24, 27, 28, 39, 40, 41, 42, 43, 46, 47, 64, 66, 67, 72, 73, 74, 77, 78, 79, 82, 83, 86, 87, 88, 91, 92, 95, 98, 106, 107, 111, 114, 130, 161], "summary": {"covered_lines": 38, "num_statements": 56, "percent_covered": 67.85714285714286, "percent_covered_display": "68", "missing_lines": 18, "excluded_lines": 0}, "missing_lines": [112, 121, 128, 143, 144, 146, 147, 150, 151, 152, 153, 154, 155, 157, 159, 171, 172, 174], "excluded_lines": [], "functions": {"Description.__repr__": {"executed_lines": [], "summary": {"covered_lines": 0, "num_statements": 1, "percent_covered": 0.0, "percent_covered_display": "0", "missing_lines": 1, "excluded_lines": 0}, "missing_lines": [112], "excluded_lines": []}, "Description.get_type_priority": {"executed_lines": [], "summary": {"covered_lines": 0, "num_statements": 2, "percent_covered": 0.0, "percent_covered_display": "0", "missing_lines": 2, "excluded_lines": 0}, "missing_lines": [121, 128], "excluded_lines": []}, "Description.calculate_priority_score": {"executed_lines": [], "summary": {"covered_lines": 0, "num_statements": 12, "percent_covered": 0.0, "percent_covered_display": "0", "missing_lines": 12, "excluded_lines": 0}, "missing_lines": [143, 144, 146, 147, 150, 151, 152, 153, 154, 155, 157, 159], "excluded_lines": []}, "Description.get_excerpt": {"executed_lines": [], "summary": {"covered_lines": 0, "num_statements": 3, "percent_covered": 0.0, "percent_covered_display": "0", "missing_lines": 3, "excluded_lines": 0}, "missing_lines": [171, 172, 174], "excluded_lines": []}, "": {"executed_lines": [1, 7, 18, 19, 20, 21, 22, 24, 27, 28, 39, 40, 41, 42, 43, 46, 47, 64, 66, 67, 72, 73, 74, 77, 78, 79, 82, 83, 86, 87, 88, 91, 92, 95, 98, 106, 107, 111, 114, 130, 161], "summary": {"covered_lines": 38, "num_statements": 38, "percent_covered": 100.0, "percent_covered_display": "100", "missing_lines": 0, "excluded_lines": 0}, "missing_lines": [], "excluded_lines": []}}, "classes": {"DescriptionType": {"executed_lines": [], "summary": {"covered_lines": 0, "num_statements": 0, "percent_covered": 100.0, "percent_covered_display": "100", "missing_lines": 0, "excluded_lines": 0}, "missing_lines": [], "excluded_lines": []}, "Description": {"executed_lines": [], "summary": {"covered_lines": 0, "num_statements": 18, "percent_covered": 0.0, "percent_covered_display": "0", "missing_lines": 18, "excluded_lines": 0}, "missing_lines": [112, 121, 128, 143, 144, 146, 147, 150, 151, 152, 153, 154, 155, 157, 159, 171, 172, 174], "excluded_lines": []}, "": {"executed_lines": [1, 7, 18, 19, 20, 21, 22, 24, 27, 28, 39, 40, 41, 42, 43, 46, 47, 64, 66, 67, 72, 73, 74, 77, 78, 79, 82, 83, 86, 87, 88, 91, 92, 95, 98, 106, 107, 111, 114, 130, 161], "summary": {"covered_lines": 38, "num_statements": 38, "percent_covered": 100.0, "percent_covered_display": "100", "missing_lines": 0, "excluded_lines": 0}, "missing_lines": [], "excluded_lines": []}}}, "app/models/image.py": {"executed_lines": [1, 7, 18, 19, 20, 21, 22, 24, 27, 28, 30, 31, 32, 33, 36, 37, 39, 40, 41, 42, 43, 46, 47, 68, 70, 71, 74, 79, 82, 87, 88, 89, 92, 95, 98, 99, 100, 101, 104, 105, 106, 107, 110, 111, 114, 115, 118, 121, 127, 130, 131, 133, 136, 149, 166], "summary": {"covered_lines": 51, "num_statements": 59, "percent_covered": 86.44067796610169, "percent_covered_display": "86", "missing_lines": 8, "excluded_lines": 0}, "missing_lines": [134, 143, 159, 160, 161, 162, 164, 173], "excluded_lines": [], "functions": {"GeneratedImage.__repr__": {"executed_lines": [], "summary": {"covered_lines": 0, "num_statements": 1, "percent_covered": 0.0, "percent_covered_display": "0", "missing_lines": 1, "excluded_lines": 0}, "missing_lines": [134], "excluded_lines": []}, "GeneratedImage.is_ready_for_display": {"executed_lines": [], "summary": {"covered_lines": 0, "num_statements": 1, "percent_covered": 0.0, "percent_covered_display": "0", "missing_lines": 1, "excluded_lines": 0}, "missing_lines": [143], "excluded_lines": []}, "GeneratedImage.get_display_url": {"executed_lines": [], "summary": {"covered_lines": 0, "num_statements": 5, "percent_covered": 0.0, "percent_covered_display": "0", "missing_lines": 5, "excluded_lines": 0}, "missing_lines": [159, 160, 161, 162, 164], "excluded_lines": []}, "GeneratedImage.get_generation_info": {"executed_lines": [], "summary": {"covered_lines": 0, "num_statements": 1, "percent_covered": 0.0, "percent_covered_display": "0", "missing_lines": 1, "excluded_lines": 0}, "missing_lines": [173], "excluded_lines": []}, "": {"executed_lines": [1, 7, 18, 19, 20, 21, 22, 24, 27, 28, 30, 31, 32, 33, 36, 37, 39, 40, 41, 42, 43, 46, 47, 68, 70, 71, 74, 79, 82, 87, 88, 89, 92, 95, 98, 99, 100, 101, 104, 105, 106, 107, 110, 111, 114, 115, 118, 121, 127, 130, 131, 133, 136, 149, 166], "summary": {"covered_lines": 51, "num_statements": 51, "percent_covered": 100.0, "percent_covered_display": "100", "missing_lines": 0, "excluded_lines": 0}, "missing_lines": [], "excluded_lines": []}}, "classes": {"ImageService": {"executed_lines": [], "summary": {"covered_lines": 0, "num_statements": 0, "percent_covered": 100.0, "percent_covered_display": "100", "missing_lines": 0, "excluded_lines": 0}, "missing_lines": [], "excluded_lines": []}, "ImageStatus": {"executed_lines": [], "summary": {"covered_lines": 0, "num_statements": 0, "percent_covered": 100.0, "percent_covered_display": "100", "missing_lines": 0, "excluded_lines": 0}, "missing_lines": [], "excluded_lines": []}, "GeneratedImage": {"executed_lines": [], "summary": {"covered_lines": 0, "num_statements": 8, "percent_covered": 0.0, "percent_covered_display": "0", "missing_lines": 8, "excluded_lines": 0}, "missing_lines": [134, 143, 159, 160, 161, 162, 164, 173], "excluded_lines": []}, "": {"executed_lines": [1, 7, 18, 19, 20, 21, 22, 24, 27, 28, 30, 31, 32, 33, 36, 37, 39, 40, 41, 42, 43, 46, 47, 68, 70, 71, 74, 79, 82, 87, 88, 89, 92, 95, 98, 99, 100, 101, 104, 105, 106, 107, 110, 111, 114, 115, 118, 121, 127, 130, 131, 133, 136, 149, 166], "summary": {"covered_lines": 51, "num_statements": 51, "percent_covered": 100.0, "percent_covered_display": "100", "missing_lines": 0, "excluded_lines": 0}, "missing_lines": [], "excluded_lines": []}}}, "app/models/user.py": {"executed_lines": [1, 7, 16, 17, 18, 19, 20, 22, 25, 26, 28, 29, 30, 33, 34, 36, 37, 38, 39, 42, 43, 57, 59, 60, 61, 62, 65, 66, 67, 70, 73, 79, 82, 83, 86, 92, 96, 97, 100, 101, 114, 116, 117, 121, 124, 129, 132, 135, 138, 139, 140, 145, 148, 156, 158, 161, 173], "summary": {"covered_lines": 52, "num_statements": 55, "percent_covered": 94.54545454545455, "percent_covered_display": "95", "missing_lines": 3, "excluded_lines": 0}, "missing_lines": [159, 171, 183], "excluded_lines": [], "functions": {"User.__repr__": {"executed_lines": [97], "summary": {"covered_lines": 1, "num_statements": 1, "percent_covered": 100.0, "percent_covered_display": "100", "missing_lines": 0, "excluded_lines": 0}, "missing_lines": [], "excluded_lines": []}, "Subscription.__repr__": {"executed_lines": [], "summary": {"covered_lines": 0, "num_statements": 1, "percent_covered": 0.0, "percent_covered_display": "0", "missing_lines": 1, "excluded_lines": 0}, "missing_lines": [159], "excluded_lines": []}, "Subscription.is_within_books_limit": {"executed_lines": [], "summary": {"covered_lines": 0, "num_statements": 1, "percent_covered": 0.0, "percent_covered_display": "0", "missing_lines": 1, "excluded_lines": 0}, "missing_lines": [171], "excluded_lines": []}, "Subscription.is_within_generation_limit": {"executed_lines": [], "summary": {"covered_lines": 0, "num_statements": 1, "percent_covered": 0.0, "percent_covered_display": "0", "missing_lines": 1, "excluded_lines": 0}, "missing_lines": [183], "excluded_lines": []}, "": {"executed_lines": [1, 7, 16, 17, 18, 19, 20, 22, 25, 26, 28, 29, 30, 33, 34, 36, 37, 38, 39, 42, 43, 57, 59, 60, 61, 62, 65, 66, 67, 70, 73, 79, 82, 83, 86, 92, 96, 100, 101, 114, 116, 117, 121, 124, 129, 132, 135, 138, 139, 140, 145, 148, 156, 158, 161, 173], "summary": {"covered_lines": 51, "num_statements": 51, "percent_covered": 100.0, "percent_covered_display": "100", "missing_lines": 0, "excluded_lines": 0}, "missing_lines": [], "excluded_lines": []}}, "classes": {"SubscriptionPlan": {"executed_lines": [], "summary": {"covered_lines": 0, "num_statements": 0, "percent_covered": 100.0, "percent_covered_display": "100", "missing_lines": 0, "excluded_lines": 0}, "missing_lines": [], "excluded_lines": []}, "SubscriptionStatus": {"executed_lines": [], "summary": {"covered_lines": 0, "num_statements": 0, "percent_covered": 100.0, "percent_covered_display": "100", "missing_lines": 0, "excluded_lines": 0}, "missing_lines": [], "excluded_lines": []}, "User": {"executed_lines": [97], "summary": {"covered_lines": 1, "num_statements": 1, "percent_covered": 100.0, "percent_covered_display": "100", "missing_lines": 0, "excluded_lines": 0}, "missing_lines": [], "excluded_lines": []}, "Subscription": {"executed_lines": [], "summary": {"covered_lines": 0, "num_statements": 3, "percent_covered": 0.0, "percent_covered_display": "0", "missing_lines": 3, "excluded_lines": 0}, "missing_lines": [159, 171, 183], "excluded_lines": []}, "": {"executed_lines": [1, 7, 16, 17, 18, 19, 20, 22, 25, 26, 28, 29, 30, 33, 34, 36, 37, 38, 39, 42, 43, 57, 59, 60, 61, 62, 65, 66, 67, 70, 73, 79, 82, 83, 86, 92, 96, 100, 101, 114, 116, 117, 121, 124, 129, 132, 135, 138, 139, 140, 145, 148, 156, 158, 161, 173], "summary": {"covered_lines": 51, "num_statements": 51, "percent_covered": 100.0, "percent_covered_display": "100", "missing_lines": 0, "excluded_lines": 0}, "missing_lines": [], "excluded_lines": []}}}, "app/routers/__init__.py": {"executed_lines": [1, 3, 4, 5, 6, 7, 8, 9, 10, 11, 13], "summary": {"covered_lines": 10, "num_statements": 10, "percent_covered": 100.0, "percent_covered_display": "100", "missing_lines": 0, "excluded_lines": 0}, "missing_lines": [], "excluded_lines": [], "functions": {"": {"executed_lines": [1, 3, 4, 5, 6, 7, 8, 9, 10, 11, 13], "summary": {"covered_lines": 10, "num_statements": 10, "percent_covered": 100.0, "percent_covered_display": "100", "missing_lines": 0, "excluded_lines": 0}, "missing_lines": [], "excluded_lines": []}}, "classes": {"": {"executed_lines": [1, 3, 4, 5, 6, 7, 8, 9, 10, 11, 13], "summary": {"covered_lines": 10, "num_statements": 10, "percent_covered": 100.0, "percent_covered_display": "100", "missing_lines": 0, "excluded_lines": 0}, "missing_lines": [], "excluded_lines": []}}}, "app/routers/admin.py": {"executed_lines": [1, 5, 6, 7, 8, 9, 10, 11, 12, 13, 15, 16, 17, 18, 19, 20, 21, 23, 25, 29, 30, 32, 33, 34, 35, 36, 37, 38, 41, 42, 44, 45, 46, 47, 48, 49, 50, 59, 60, 62, 63, 64, 65, 66, 70, 74, 80, 81, 83, 84, 85, 86, 89, 90, 92, 95, 96, 97, 98, 99, 100, 101, 104, 105, 106, 109, 110, 117, 124, 125, 126, 127, 128, 131, 132, 133, 134, 135, 136, 139, 140, 141, 142, 143, 146, 147, 148, 149, 150, 151, 152, 153, 154, 157, 158, 210, 211, 335, 336, 467, 468, 487, 488, 541, 542, 574, 575, 616, 617, 662, 663, 693, 694, 710, 711, 732, 733, 761, 762, 796, 797, 821, 822, 848, 849, 866, 867], "summary": {"covered_lines": 121, "num_statements": 321, "percent_covered": 37.69470404984423, "percent_covered_display": "38", "missing_lines": 200, "excluded_lines": 0}, "missing_lines": [165, 166, 168, 169, 171, 172, 174, 175, 178, 179, 182, 183, 186, 188, 189, 190, 191, 195, 196, 198, 214, 215, 217, 219, 222, 225, 228, 231, 236, 237, 238, 241, 244, 247, 250, 255, 258, 261, 264, 267, 270, 273, 278, 281, 282, 286, 329, 330, 332, 341, 342, 344, 346, 349, 352, 355, 362, 363, 366, 367, 370, 373, 376, 381, 386, 391, 392, 395, 398, 401, 404, 407, 410, 413, 416, 419, 426, 427, 430, 433, 436, 439, 442, 447, 452, 454, 460, 461, 462, 471, 473, 474, 475, 480, 481, 482, 494, 496, 497, 498, 499, 501, 502, 505, 508, 512, 534, 535, 536, 545, 547, 550, 551, 554, 557, 560, 562, 581, 582, 586, 587, 591, 594, 597, 600, 603, 606, 609, 613, 625, 627, 634, 637, 638, 640, 666, 667, 670, 673, 675, 677, 683, 684, 697, 698, 701, 703, 705, 706, 707, 714, 715, 718, 720, 722, 723, 724, 738, 739, 741, 750, 751, 752, 768, 769, 772, 775, 778, 781, 785, 789, 790, 800, 801, 803, 811, 812, 813, 827, 828, 831, 834, 837, 841, 842, 843, 854, 855, 856, 857, 859, 860, 861, 870, 872, 874, 876, 890, 891, 892], "excluded_lines": [], "functions": {"get_system_stats": {"executed_lines": [], "summary": {"covered_lines": 0, "num_statements": 20, "percent_covered": 0.0, "percent_covered_display": "0", "missing_lines": 20, "excluded_lines": 0}, "missing_lines": [165, 166, 168, 169, 171, 172, 174, 175, 178, 179, 182, 183, 186, 188, 189, 190, 191, 195, 196, 198], "excluded_lines": []}, "get_multi_nlp_settings": {"executed_lines": [], "summary": {"covered_lines": 0, "num_statements": 29, "percent_covered": 0.0, "percent_covered_display": "0", "missing_lines": 29, "excluded_lines": 0}, "missing_lines": [214, 215, 217, 219, 222, 225, 228, 231, 236, 237, 238, 241, 244, 247, 250, 255, 258, 261, 264, 267, 270, 273, 278, 281, 282, 286, 329, 330, 332], "excluded_lines": []}, "update_multi_nlp_settings": {"executed_lines": [], "summary": {"covered_lines": 0, "num_statements": 40, "percent_covered": 0.0, "percent_covered_display": "0", "missing_lines": 40, "excluded_lines": 0}, "missing_lines": [341, 342, 344, 346, 349, 352, 355, 362, 363, 366, 367, 370, 373, 376, 381, 386, 391, 392, 395, 398, 401, 404, 407, 410, 413, 416, 419, 426, 427, 430, 433, 436, 439, 442, 447, 452, 454, 460, 461, 462], "excluded_lines": []}, "get_nlp_processor_status": {"executed_lines": [], "summary": {"covered_lines": 0, "num_statements": 7, "percent_covered": 0.0, "percent_covered_display": "0", "missing_lines": 7, "excluded_lines": 0}, "missing_lines": [471, 473, 474, 475, 480, 481, 482], "excluded_lines": []}, "test_nlp_processors": {"executed_lines": [], "summary": {"covered_lines": 0, "num_statements": 13, "percent_covered": 0.0, "percent_covered_display": "0", "missing_lines": 13, "excluded_lines": 0}, "missing_lines": [494, 496, 497, 498, 499, 501, 502, 505, 508, 512, 534, 535, 536], "excluded_lines": []}, "get_parsing_settings": {"executed_lines": [], "summary": {"covered_lines": 0, "num_statements": 8, "percent_covered": 0.0, "percent_covered_display": "0", "missing_lines": 8, "excluded_lines": 0}, "missing_lines": [545, 547, 550, 551, 554, 557, 560, 562], "excluded_lines": []}, "update_parsing_settings": {"executed_lines": [], "summary": {"covered_lines": 0, "num_statements": 12, "percent_covered": 0.0, "percent_covered_display": "0", "missing_lines": 12, "excluded_lines": 0}, "missing_lines": [581, 582, 586, 587, 591, 594, 597, 600, 603, 606, 609, 613], "excluded_lines": []}, "get_users_list": {"executed_lines": [], "summary": {"covered_lines": 0, "num_statements": 6, "percent_covered": 0.0, "percent_covered_display": "0", "missing_lines": 6, "excluded_lines": 0}, "missing_lines": [625, 627, 634, 637, 638, 640], "excluded_lines": []}, "get_queue_status": {"executed_lines": [], "summary": {"covered_lines": 0, "num_statements": 8, "percent_covered": 0.0, "percent_covered_display": "0", "missing_lines": 8, "excluded_lines": 0}, "missing_lines": [666, 667, 670, 673, 675, 677, 683, 684], "excluded_lines": []}, "clear_parsing_queue": {"executed_lines": [], "summary": {"covered_lines": 0, "num_statements": 7, "percent_covered": 0.0, "percent_covered_display": "0", "missing_lines": 7, "excluded_lines": 0}, "missing_lines": [697, 698, 701, 703, 705, 706, 707], "excluded_lines": []}, "unlock_parsing": {"executed_lines": [], "summary": {"covered_lines": 0, "num_statements": 7, "percent_covered": 0.0, "percent_covered_display": "0", "missing_lines": 7, "excluded_lines": 0}, "missing_lines": [714, 715, 718, 720, 722, 723, 724], "excluded_lines": []}, "get_image_generation_settings": {"executed_lines": [], "summary": {"covered_lines": 0, "num_statements": 6, "percent_covered": 0.0, "percent_covered_display": "0", "missing_lines": 6, "excluded_lines": 0}, "missing_lines": [738, 739, 741, 750, 751, 752], "excluded_lines": []}, "update_image_generation_settings": {"executed_lines": [], "summary": {"covered_lines": 0, "num_statements": 9, "percent_covered": 0.0, "percent_covered_display": "0", "missing_lines": 9, "excluded_lines": 0}, "missing_lines": [768, 769, 772, 775, 778, 781, 785, 789, 790], "excluded_lines": []}, "get_system_settings": {"executed_lines": [], "summary": {"covered_lines": 0, "num_statements": 6, "percent_covered": 0.0, "percent_covered_display": "0", "missing_lines": 6, "excluded_lines": 0}, "missing_lines": [800, 801, 803, 811, 812, 813], "excluded_lines": []}, "update_system_settings": {"executed_lines": [], "summary": {"covered_lines": 0, "num_statements": 8, "percent_covered": 0.0, "percent_covered_display": "0", "missing_lines": 8, "excluded_lines": 0}, "missing_lines": [827, 828, 831, 834, 837, 841, 842, 843], "excluded_lines": []}, "initialize_default_settings": {"executed_lines": [], "summary": {"covered_lines": 0, "num_statements": 7, "percent_covered": 0.0, "percent_covered_display": "0", "missing_lines": 7, "excluded_lines": 0}, "missing_lines": [854, 855, 856, 857, 859, 860, 861], "excluded_lines": []}, "get_nlp_processor_info": {"executed_lines": [], "summary": {"covered_lines": 0, "num_statements": 7, "percent_covered": 0.0, "percent_covered_display": "0", "missing_lines": 7, "excluded_lines": 0}, "missing_lines": [870, 872, 874, 876, 890, 891, 892], "excluded_lines": []}, "": {"executed_lines": [1, 5, 6, 7, 8, 9, 10, 11, 12, 13, 15, 16, 17, 18, 19, 20, 21, 23, 25, 29, 30, 32, 33, 34, 35, 36, 37, 38, 41, 42, 44, 45, 46, 47, 48, 49, 50, 59, 60, 62, 63, 64, 65, 66, 70, 74, 80, 81, 83, 84, 85, 86, 89, 90, 92, 95, 96, 97, 98, 99, 100, 101, 104, 105, 106, 109, 110, 117, 124, 125, 126, 127, 128, 131, 132, 133, 134, 135, 136, 139, 140, 141, 142, 143, 146, 147, 148, 149, 150, 151, 152, 153, 154, 157, 158, 210, 211, 335, 336, 467, 468, 487, 488, 541, 542, 574, 575, 616, 617, 662, 663, 693, 694, 710, 711, 732, 733, 761, 762, 796, 797, 821, 822, 848, 849, 866, 867], "summary": {"covered_lines": 121, "num_statements": 121, "percent_covered": 100.0, "percent_covered_display": "100", "missing_lines": 0, "excluded_lines": 0}, "missing_lines": [], "excluded_lines": []}}, "classes": {"ProcessorSpecificSettings": {"executed_lines": [], "summary": {"covered_lines": 0, "num_statements": 0, "percent_covered": 100.0, "percent_covered_display": "100", "missing_lines": 0, "excluded_lines": 0}, "missing_lines": [], "excluded_lines": []}, "SpacyProcessorSettings": {"executed_lines": [], "summary": {"covered_lines": 0, "num_statements": 0, "percent_covered": 100.0, "percent_covered_display": "100", "missing_lines": 0, "excluded_lines": 0}, "missing_lines": [], "excluded_lines": []}, "NatashaProcessorSettings": {"executed_lines": [], "summary": {"covered_lines": 0, "num_statements": 0, "percent_covered": 100.0, "percent_covered_display": "100", "missing_lines": 0, "excluded_lines": 0}, "missing_lines": [], "excluded_lines": []}, "StanzaProcessorSettings": {"executed_lines": [], "summary": {"covered_lines": 0, "num_statements": 0, "percent_covered": 100.0, "percent_covered_display": "100", "missing_lines": 0, "excluded_lines": 0}, "missing_lines": [], "excluded_lines": []}, "MultiNLPSettings": {"executed_lines": [], "summary": {"covered_lines": 0, "num_statements": 0, "percent_covered": 100.0, "percent_covered_display": "100", "missing_lines": 0, "excluded_lines": 0}, "missing_lines": [], "excluded_lines": []}, "ParsingSettings": {"executed_lines": [], "summary": {"covered_lines": 0, "num_statements": 0, "percent_covered": 100.0, "percent_covered_display": "100", "missing_lines": 0, "excluded_lines": 0}, "missing_lines": [], "excluded_lines": []}, "ImageGenerationSettings": {"executed_lines": [], "summary": {"covered_lines": 0, "num_statements": 0, "percent_covered": 100.0, "percent_covered_display": "100", "missing_lines": 0, "excluded_lines": 0}, "missing_lines": [], "excluded_lines": []}, "SystemSettings": {"executed_lines": [], "summary": {"covered_lines": 0, "num_statements": 0, "percent_covered": 100.0, "percent_covered_display": "100", "missing_lines": 0, "excluded_lines": 0}, "missing_lines": [], "excluded_lines": []}, "SystemStats": {"executed_lines": [], "summary": {"covered_lines": 0, "num_statements": 0, "percent_covered": 100.0, "percent_covered_display": "100", "missing_lines": 0, "excluded_lines": 0}, "missing_lines": [], "excluded_lines": []}, "": {"executed_lines": [1, 5, 6, 7, 8, 9, 10, 11, 12, 13, 15, 16, 17, 18, 19, 20, 21, 23, 25, 29, 30, 32, 33, 34, 35, 36, 37, 38, 41, 42, 44, 45, 46, 47, 48, 49, 50, 59, 60, 62, 63, 64, 65, 66, 70, 74, 80, 81, 83, 84, 85, 86, 89, 90, 92, 95, 96, 97, 98, 99, 100, 101, 104, 105, 106, 109, 110, 117, 124, 125, 126, 127, 128, 131, 132, 133, 134, 135, 136, 139, 140, 141, 142, 143, 146, 147, 148, 149, 150, 151, 152, 153, 154, 157, 158, 210, 211, 335, 336, 467, 468, 487, 488, 541, 542, 574, 575, 616, 617, 662, 663, 693, 694, 710, 711, 732, 733, 761, 762, 796, 797, 821, 822, 848, 849, 866, 867], "summary": {"covered_lines": 121, "num_statements": 321, "percent_covered": 37.69470404984423, "percent_covered_display": "38", "missing_lines": 200, "excluded_lines": 0}, "missing_lines": [165, 166, 168, 169, 171, 172, 174, 175, 178, 179, 182, 183, 186, 188, 189, 190, 191, 195, 196, 198, 214, 215, 217, 219, 222, 225, 228, 231, 236, 237, 238, 241, 244, 247, 250, 255, 258, 261, 264, 267, 270, 273, 278, 281, 282, 286, 329, 330, 332, 341, 342, 344, 346, 349, 352, 355, 362, 363, 366, 367, 370, 373, 376, 381, 386, 391, 392, 395, 398, 401, 404, 407, 410, 413, 416, 419, 426, 427, 430, 433, 436, 439, 442, 447, 452, 454, 460, 461, 462, 471, 473, 474, 475, 480, 481, 482, 494, 496, 497, 498, 499, 501, 502, 505, 508, 512, 534, 535, 536, 545, 547, 550, 551, 554, 557, 560, 562, 581, 582, 586, 587, 591, 594, 597, 600, 603, 606, 609, 613, 625, 627, 634, 637, 638, 640, 666, 667, 670, 673, 675, 677, 683, 684, 697, 698, 701, 703, 705, 706, 707, 714, 715, 718, 720, 722, 723, 724, 738, 739, 741, 750, 751, 752, 768, 769, 772, 775, 778, 781, 785, 789, 790, 800, 801, 803, 811, 812, 813, 827, 828, 831, 834, 837, 841, 842, 843, 854, 855, 856, 857, 859, 860, 861, 870, 872, 874, 876, 890, 891, 892], "excluded_lines": []}}}, "app/routers/auth.py": {"executed_lines": [1, 7, 8, 9, 10, 11, 13, 14, 15, 16, 19, 23, 24, 26, 27, 28, 31, 32, 34, 35, 38, 39, 41, 44, 45, 47, 48, 49, 52, 53, 55, 56, 57, 58, 59, 60, 61, 62, 65, 66, 83, 84, 89, 91, 118, 119, 124, 125, 141, 170, 171, 187, 189, 190, 199, 200, 212, 228, 229, 279, 280, 298, 301, 302], "summary": {"covered_lines": 58, "num_statements": 80, "percent_covered": 72.5, "percent_covered_display": "72", "missing_lines": 22, "excluded_lines": 0}, "missing_lines": [99, 101, 114, 115, 121, 145, 146, 153, 155, 196, 249, 250, 256, 257, 262, 270, 271, 276, 319, 321, 322, 327], "excluded_lines": [], "functions": {"register_user": {"executed_lines": [83, 84, 89, 91], "summary": {"covered_lines": 4, "num_statements": 8, "percent_covered": 50.0, "percent_covered_display": "50", "missing_lines": 4, "excluded_lines": 0}, "missing_lines": [99, 101, 114, 115], "excluded_lines": []}, "login_options": {"executed_lines": [], "summary": {"covered_lines": 0, "num_statements": 1, "percent_covered": 0.0, "percent_covered_display": "0", "missing_lines": 1, "excluded_lines": 0}, "missing_lines": [121], "excluded_lines": []}, "login_user": {"executed_lines": [141], "summary": {"covered_lines": 1, "num_statements": 5, "percent_covered": 20.0, "percent_covered_display": "20", "missing_lines": 4, "excluded_lines": 0}, "missing_lines": [145, 146, 153, 155], "excluded_lines": []}, "refresh_token": {"executed_lines": [187, 189, 190], "summary": {"covered_lines": 3, "num_statements": 4, "percent_covered": 75.0, "percent_covered_display": "75", "missing_lines": 1, "excluded_lines": 0}, "missing_lines": [196], "excluded_lines": []}, "get_current_user_info": {"executed_lines": [212], "summary": {"covered_lines": 1, "num_statements": 1, "percent_covered": 100.0, "percent_covered_display": "100", "missing_lines": 0, "excluded_lines": 0}, "missing_lines": [], "excluded_lines": []}, "update_user_profile": {"executed_lines": [], "summary": {"covered_lines": 0, "num_statements": 8, "percent_covered": 0.0, "percent_covered_display": "0", "missing_lines": 8, "excluded_lines": 0}, "missing_lines": [249, 250, 256, 257, 262, 270, 271, 276], "excluded_lines": []}, "logout_user": {"executed_lines": [298], "summary": {"covered_lines": 1, "num_statements": 1, "percent_covered": 100.0, "percent_covered_display": "100", "missing_lines": 0, "excluded_lines": 0}, "missing_lines": [], "excluded_lines": []}, "deactivate_account": {"executed_lines": [], "summary": {"covered_lines": 0, "num_statements": 4, "percent_covered": 0.0, "percent_covered_display": "0", "missing_lines": 4, "excluded_lines": 0}, "missing_lines": [319, 321, 322, 327], "excluded_lines": []}, "": {"executed_lines": [1, 7, 8, 9, 10, 11, 13, 14, 15, 16, 19, 23, 24, 26, 27, 28, 31, 32, 34, 35, 38, 39, 41, 44, 45, 47, 48, 49, 52, 53, 55, 56, 57, 58, 59, 60, 61, 62, 65, 66, 118, 119, 124, 125, 170, 171, 199, 200, 228, 229, 279, 280, 301, 302], "summary": {"covered_lines": 48, "num_statements": 48, "percent_covered": 100.0, "percent_covered_display": "100", "missing_lines": 0, "excluded_lines": 0}, "missing_lines": [], "excluded_lines": []}}, "classes": {"UserRegistrationRequest": {"executed_lines": [], "summary": {"covered_lines": 0, "num_statements": 0, "percent_covered": 100.0, "percent_covered_display": "100", "missing_lines": 0, "excluded_lines": 0}, "missing_lines": [], "excluded_lines": []}, "UserLoginRequest": {"executed_lines": [], "summary": {"covered_lines": 0, "num_statements": 0, "percent_covered": 100.0, "percent_covered_display": "100", "missing_lines": 0, "excluded_lines": 0}, "missing_lines": [], "excluded_lines": []}, "TokenRefreshRequest": {"executed_lines": [], "summary": {"covered_lines": 0, "num_statements": 0, "percent_covered": 100.0, "percent_covered_display": "100", "missing_lines": 0, "excluded_lines": 0}, "missing_lines": [], "excluded_lines": []}, "UserProfileUpdateRequest": {"executed_lines": [], "summary": {"covered_lines": 0, "num_statements": 0, "percent_covered": 100.0, "percent_covered_display": "100", "missing_lines": 0, "excluded_lines": 0}, "missing_lines": [], "excluded_lines": []}, "UserResponse": {"executed_lines": [], "summary": {"covered_lines": 0, "num_statements": 0, "percent_covered": 100.0, "percent_covered_display": "100", "missing_lines": 0, "excluded_lines": 0}, "missing_lines": [], "excluded_lines": []}, "": {"executed_lines": [1, 7, 8, 9, 10, 11, 13, 14, 15, 16, 19, 23, 24, 26, 27, 28, 31, 32, 34, 35, 38, 39, 41, 44, 45, 47, 48, 49, 52, 53, 55, 56, 57, 58, 59, 60, 61, 62, 65, 66, 83, 84, 89, 91, 118, 119, 124, 125, 141, 170, 171, 187, 189, 190, 199, 200, 212, 228, 229, 279, 280, 298, 301, 302], "summary": {"covered_lines": 58, "num_statements": 80, "percent_covered": 72.5, "percent_covered_display": "72", "missing_lines": 22, "excluded_lines": 0}, "missing_lines": [99, 101, 114, 115, 121, 145, 146, 153, 155, 196, 249, 250, 256, 257, 262, 270, 271, 276, 319, 321, 322, 327], "excluded_lines": []}}}, "app/routers/books.py": {"executed_lines": [1, 14, 15, 16, 17, 18, 19, 20, 21, 23, 24, 25, 26, 27, 28, 29, 30, 31, 32, 35, 41, 42, 47, 48, 53, 54, 68, 69, 85, 86, 147, 148, 244, 245, 264, 265, 268, 271, 272, 273, 277, 278, 279, 280, 285, 286, 355, 356, 438, 439, 530, 531, 577, 578, 622, 623, 735, 736], "summary": {"covered_lines": 57, "num_statements": 252, "percent_covered": 22.61904761904762, "percent_covered_display": "23", "missing_lines": 195, "excluded_lines": 0}, "missing_lines": [44, 50, 56, 57, 58, 59, 61, 62, 76, 100, 101, 103, 104, 105, 111, 112, 114, 115, 117, 118, 121, 122, 123, 125, 127, 129, 141, 142, 143, 144, 162, 163, 165, 166, 167, 171, 172, 174, 175, 178, 179, 180, 182, 184, 187, 188, 189, 194, 204, 230, 231, 235, 236, 237, 238, 269, 281, 282, 283, 289, 290, 291, 293, 294, 296, 297, 300, 301, 303, 304, 305, 308, 309, 316, 319, 320, 321, 322, 323, 324, 327, 343, 344, 346, 347, 348, 349, 350, 352, 374, 375, 378, 381, 386, 387, 388, 389, 418, 419, 422, 425, 427, 431, 433, 434, 435, 458, 459, 463, 464, 467, 470, 471, 472, 473, 474, 475, 476, 477, 478, 479, 482, 483, 484, 496, 524, 525, 526, 527, 550, 551, 555, 556, 559, 560, 563, 569, 570, 571, 572, 594, 596, 597, 599, 600, 603, 604, 607, 613, 614, 615, 616, 642, 644, 648, 649, 652, 655, 656, 657, 667, 670, 672, 674, 677, 679, 687, 689, 696, 698, 701, 703, 705, 713, 717, 727, 728, 729, 730, 755, 756, 758, 762, 763, 766, 767, 776, 777, 784, 791, 792, 794, 795, 796, 797], "excluded_lines": [], "functions": {"simple_test": {"executed_lines": [], "summary": {"covered_lines": 0, "num_statements": 1, "percent_covered": 0.0, "percent_covered_display": "0", "missing_lines": 1, "excluded_lines": 0}, "missing_lines": [44], "excluded_lines": []}, "test_with_params": {"executed_lines": [], "summary": {"covered_lines": 0, "num_statements": 1, "percent_covered": 0.0, "percent_covered_display": "0", "missing_lines": 1, "excluded_lines": 0}, "missing_lines": [50], "excluded_lines": []}, "debug_upload_book": {"executed_lines": [], "summary": {"covered_lines": 0, "num_statements": 6, "percent_covered": 0.0, "percent_covered_display": "0", "missing_lines": 6, "excluded_lines": 0}, "missing_lines": [56, 57, 58, 59, 61, 62], "excluded_lines": []}, "get_parser_status": {"executed_lines": [], "summary": {"covered_lines": 0, "num_statements": 1, "percent_covered": 0.0, "percent_covered_display": "0", "missing_lines": 1, "excluded_lines": 0}, "missing_lines": [76], "excluded_lines": []}, "validate_book_file": {"executed_lines": [], "summary": {"covered_lines": 0, "num_statements": 21, "percent_covered": 0.0, "percent_covered_display": "0", "missing_lines": 21, "excluded_lines": 0}, "missing_lines": [100, 101, 103, 104, 105, 111, 112, 114, 115, 117, 118, 121, 122, 123, 125, 127, 129, 141, 142, 143, 144], "excluded_lines": []}, "parse_book_preview": {"executed_lines": [], "summary": {"covered_lines": 0, "num_statements": 25, "percent_covered": 0.0, "percent_covered_display": "0", "missing_lines": 25, "excluded_lines": 0}, "missing_lines": [162, 163, 165, 166, 167, 171, 172, 174, 175, 178, 179, 180, 182, 184, 187, 188, 189, 194, 204, 230, 231, 235, 236, 237, 238], "excluded_lines": []}, "upload_book": {"executed_lines": [264, 265, 268, 271, 272, 273, 277, 278, 279, 280, 285, 286], "summary": {"covered_lines": 12, "num_statements": 46, "percent_covered": 26.08695652173913, "percent_covered_display": "26", "missing_lines": 34, "excluded_lines": 0}, "missing_lines": [269, 281, 282, 283, 289, 290, 291, 293, 294, 296, 297, 300, 301, 303, 304, 305, 308, 309, 316, 319, 320, 321, 322, 323, 324, 327, 343, 344, 346, 347, 348, 349, 350, 352], "excluded_lines": []}, "get_user_books": {"executed_lines": [], "summary": {"covered_lines": 0, "num_statements": 17, "percent_covered": 0.0, "percent_covered_display": "0", "missing_lines": 17, "excluded_lines": 0}, "missing_lines": [374, 375, 378, 381, 386, 387, 388, 389, 418, 419, 422, 425, 427, 431, 433, 434, 435], "excluded_lines": []}, "get_book": {"executed_lines": [], "summary": {"covered_lines": 0, "num_statements": 23, "percent_covered": 0.0, "percent_covered_display": "0", "missing_lines": 23, "excluded_lines": 0}, "missing_lines": [458, 459, 463, 464, 467, 470, 471, 472, 473, 474, 475, 476, 477, 478, 479, 482, 483, 484, 496, 524, 525, 526, 527], "excluded_lines": []}, "get_book_file": {"executed_lines": [], "summary": {"covered_lines": 0, "num_statements": 11, "percent_covered": 0.0, "percent_covered_display": "0", "missing_lines": 11, "excluded_lines": 0}, "missing_lines": [550, 551, 555, 556, 559, 560, 563, 569, 570, 571, 572], "excluded_lines": []}, "get_book_cover": {"executed_lines": [], "summary": {"covered_lines": 0, "num_statements": 12, "percent_covered": 0.0, "percent_covered_display": "0", "missing_lines": 12, "excluded_lines": 0}, "missing_lines": [594, 596, 597, 599, 600, 603, 604, 607, 613, 614, 615, 616], "excluded_lines": []}, "process_book_descriptions": {"executed_lines": [], "summary": {"covered_lines": 0, "num_statements": 27, "percent_covered": 0.0, "percent_covered_display": "0", "missing_lines": 27, "excluded_lines": 0}, "missing_lines": [642, 644, 648, 649, 652, 655, 656, 657, 667, 670, 672, 674, 677, 679, 687, 689, 696, 698, 701, 703, 705, 713, 717, 727, 728, 729, 730], "excluded_lines": []}, "get_parsing_status": {"executed_lines": [], "summary": {"covered_lines": 0, "num_statements": 16, "percent_covered": 0.0, "percent_covered_display": "0", "missing_lines": 16, "excluded_lines": 0}, "missing_lines": [755, 756, 758, 762, 763, 766, 767, 776, 777, 784, 791, 792, 794, 795, 796, 797], "excluded_lines": []}, "": {"executed_lines": [1, 14, 15, 16, 17, 18, 19, 20, 21, 23, 24, 25, 26, 27, 28, 29, 30, 31, 32, 35, 41, 42, 47, 48, 53, 54, 68, 69, 85, 86, 147, 148, 244, 245, 355, 356, 438, 439, 530, 531, 577, 578, 622, 623, 735, 736], "summary": {"covered_lines": 45, "num_statements": 45, "percent_covered": 100.0, "percent_covered_display": "100", "missing_lines": 0, "excluded_lines": 0}, "missing_lines": [], "excluded_lines": []}}, "classes": {"": {"executed_lines": [1, 14, 15, 16, 17, 18, 19, 20, 21, 23, 24, 25, 26, 27, 28, 29, 30, 31, 32, 35, 41, 42, 47, 48, 53, 54, 68, 69, 85, 86, 147, 148, 244, 245, 264, 265, 268, 271, 272, 273, 277, 278, 279, 280, 285, 286, 355, 356, 438, 439, 530, 531, 577, 578, 622, 623, 735, 736], "summary": {"covered_lines": 57, "num_statements": 252, "percent_covered": 22.61904761904762, "percent_covered_display": "23", "missing_lines": 195, "excluded_lines": 0}, "missing_lines": [44, 50, 56, 57, 58, 59, 61, 62, 76, 100, 101, 103, 104, 105, 111, 112, 114, 115, 117, 118, 121, 122, 123, 125, 127, 129, 141, 142, 143, 144, 162, 163, 165, 166, 167, 171, 172, 174, 175, 178, 179, 180, 182, 184, 187, 188, 189, 194, 204, 230, 231, 235, 236, 237, 238, 269, 281, 282, 283, 289, 290, 291, 293, 294, 296, 297, 300, 301, 303, 304, 305, 308, 309, 316, 319, 320, 321, 322, 323, 324, 327, 343, 344, 346, 347, 348, 349, 350, 352, 374, 375, 378, 381, 386, 387, 388, 389, 418, 419, 422, 425, 427, 431, 433, 434, 435, 458, 459, 463, 464, 467, 470, 471, 472, 473, 474, 475, 476, 477, 478, 479, 482, 483, 484, 496, 524, 525, 526, 527, 550, 551, 555, 556, 559, 560, 563, 569, 570, 571, 572, 594, 596, 597, 599, 600, 603, 604, 607, 613, 614, 615, 616, 642, 644, 648, 649, 652, 655, 656, 657, 667, 670, 672, 674, 677, 679, 687, 689, 696, 698, 701, 703, 705, 713, 717, 727, 728, 729, 730, 755, 756, 758, 762, 763, 766, 767, 776, 777, 784, 791, 792, 794, 795, 796, 797], "excluded_lines": []}}}, "app/routers/chapters.py": {"executed_lines": [1, 10, 11, 12, 13, 14, 16, 17, 18, 19, 20, 21, 24, 27, 28, 47, 49, 90, 91, 112, 114], "summary": {"covered_lines": 20, "num_statements": 57, "percent_covered": 35.08771929824562, "percent_covered_display": "35", "missing_lines": 37, "excluded_lines": 0}, "missing_lines": [53, 54, 57, 62, 63, 64, 76, 82, 83, 84, 85, 118, 119, 122, 123, 124, 125, 126, 128, 129, 134, 142, 143, 145, 147, 157, 158, 164, 167, 168, 169, 170, 172, 197, 198, 199, 200], "excluded_lines": [], "functions": {"list_chapters": {"executed_lines": [47, 49], "summary": {"covered_lines": 2, "num_statements": 13, "percent_covered": 15.384615384615385, "percent_covered_display": "15", "missing_lines": 11, "excluded_lines": 0}, "missing_lines": [53, 54, 57, 62, 63, 64, 76, 82, 83, 84, 85], "excluded_lines": []}, "get_chapter": {"executed_lines": [112, 114], "summary": {"covered_lines": 2, "num_statements": 28, "percent_covered": 7.142857142857143, "percent_covered_display": "7", "missing_lines": 26, "excluded_lines": 0}, "missing_lines": [118, 119, 122, 123, 124, 125, 126, 128, 129, 134, 142, 143, 145, 147, 157, 158, 164, 167, 168, 169, 170, 172, 197, 198, 199, 200], "excluded_lines": []}, "": {"executed_lines": [1, 10, 11, 12, 13, 14, 16, 17, 18, 19, 20, 21, 24, 27, 28, 90, 91], "summary": {"covered_lines": 16, "num_statements": 16, "percent_covered": 100.0, "percent_covered_display": "100", "missing_lines": 0, "excluded_lines": 0}, "missing_lines": [], "excluded_lines": []}}, "classes": {"": {"executed_lines": [1, 10, 11, 12, 13, 14, 16, 17, 18, 19, 20, 21, 24, 27, 28, 47, 49, 90, 91, 112, 114], "summary": {"covered_lines": 20, "num_statements": 57, "percent_covered": 35.08771929824562, "percent_covered_display": "35", "missing_lines": 37, "excluded_lines": 0}, "missing_lines": [53, 54, 57, 62, 63, 64, 76, 82, 83, 84, 85, 118, 119, 122, 123, 124, 125, 126, 128, 129, 134, 142, 143, 145, 147, 157, 158, 164, 167, 168, 169, 170, 172, 197, 198, 199, 200], "excluded_lines": []}}}, "app/routers/descriptions.py": {"executed_lines": [1, 10, 11, 12, 13, 14, 15, 16, 17, 19, 20, 21, 22, 23, 24, 25, 28, 31, 32, 56, 57, 58, 59, 60, 61, 64, 186, 187, 282, 283], "summary": {"covered_lines": 29, "num_statements": 123, "percent_covered": 23.577235772357724, "percent_covered_display": "24", "missing_lines": 94, "excluded_lines": 0}, "missing_lines": [67, 69, 70, 73, 74, 75, 76, 77, 78, 79, 80, 82, 83, 84, 89, 90, 91, 96, 106, 107, 110, 115, 116, 125, 127, 128, 131, 137, 140, 141, 142, 143, 144, 145, 148, 149, 150, 163, 178, 179, 180, 181, 204, 205, 208, 209, 211, 212, 213, 215, 216, 219, 220, 221, 222, 223, 225, 226, 232, 237, 238, 239, 240, 241, 242, 244, 268, 269, 270, 271, 276, 277, 278, 279, 306, 308, 312, 313, 316, 318, 319, 320, 321, 322, 323, 327, 332, 333, 334, 347, 354, 355, 356, 357], "excluded_lines": [], "functions": {"get_chapter_descriptions": {"executed_lines": [56, 57, 58, 59, 60, 61, 64], "summary": {"covered_lines": 7, "num_statements": 49, "percent_covered": 14.285714285714286, "percent_covered_display": "14", "missing_lines": 42, "excluded_lines": 0}, "missing_lines": [67, 69, 70, 73, 74, 75, 76, 77, 78, 79, 80, 82, 83, 84, 89, 90, 91, 96, 106, 107, 110, 115, 116, 125, 127, 128, 131, 137, 140, 141, 142, 143, 144, 145, 148, 149, 150, 163, 178, 179, 180, 181], "excluded_lines": []}, "analyze_chapter_content": {"executed_lines": [], "summary": {"covered_lines": 0, "num_statements": 32, "percent_covered": 0.0, "percent_covered_display": "0", "missing_lines": 32, "excluded_lines": 0}, "missing_lines": [204, 205, 208, 209, 211, 212, 213, 215, 216, 219, 220, 221, 222, 223, 225, 226, 232, 237, 238, 239, 240, 241, 242, 244, 268, 269, 270, 271, 276, 277, 278, 279], "excluded_lines": []}, "get_book_descriptions": {"executed_lines": [], "summary": {"covered_lines": 0, "num_statements": 20, "percent_covered": 0.0, "percent_covered_display": "0", "missing_lines": 20, "excluded_lines": 0}, "missing_lines": [306, 308, 312, 313, 316, 318, 319, 320, 321, 322, 323, 327, 332, 333, 334, 347, 354, 355, 356, 357], "excluded_lines": []}, "": {"executed_lines": [1, 10, 11, 12, 13, 14, 15, 16, 17, 19, 20, 21, 22, 23, 24, 25, 28, 31, 32, 186, 187, 282, 283], "summary": {"covered_lines": 22, "num_statements": 22, "percent_covered": 100.0, "percent_covered_display": "100", "missing_lines": 0, "excluded_lines": 0}, "missing_lines": [], "excluded_lines": []}}, "classes": {"": {"executed_lines": [1, 10, 11, 12, 13, 14, 15, 16, 17, 19, 20, 21, 22, 23, 24, 25, 28, 31, 32, 56, 57, 58, 59, 60, 61, 64, 186, 187, 282, 283], "summary": {"covered_lines": 29, "num_statements": 123, "percent_covered": 23.577235772357724, "percent_covered_display": "24", "missing_lines": 94, "excluded_lines": 0}, "missing_lines": [67, 69, 70, 73, 74, 75, 76, 77, 78, 79, 80, 82, 83, 84, 89, 90, 91, 96, 106, 107, 110, 115, 116, 125, 127, 128, 131, 137, 140, 141, 142, 143, 144, 145, 148, 149, 150, 163, 178, 179, 180, 181, 204, 205, 208, 209, 211, 212, 213, 215, 216, 219, 220, 221, 222, 223, 225, 226, 232, 237, 238, 239, 240, 241, 242, 244, 268, 269, 270, 271, 276, 277, 278, 279, 306, 308, 312, 313, 316, 318, 319, 320, 321, 322, 323, 327, 332, 333, 334, 347, 354, 355, 356, 357], "excluded_lines": []}}}, "app/routers/images.py": {"executed_lines": [1, 8, 9, 10, 11, 12, 13, 15, 16, 17, 18, 19, 20, 21, 22, 25, 29, 30, 32, 33, 34, 35, 38, 39, 41, 42, 43, 44, 47, 48, 75, 76, 182, 183, 316, 317, 397, 398, 452, 453, 555, 556], "summary": {"covered_lines": 39, "num_statements": 161, "percent_covered": 24.22360248447205, "percent_covered_display": "24", "missing_lines": 122, "excluded_lines": 0}, "missing_lines": [57, 59, 97, 106, 108, 109, 115, 118, 119, 120, 125, 127, 133, 134, 140, 142, 143, 148, 159, 160, 161, 163, 173, 174, 175, 176, 204, 210, 212, 213, 219, 222, 223, 227, 230, 232, 233, 239, 244, 246, 250, 251, 259, 260, 267, 268, 270, 271, 272, 274, 285, 286, 294, 296, 298, 308, 309, 310, 338, 341, 343, 344, 350, 360, 361, 363, 364, 389, 415, 420, 422, 423, 428, 430, 431, 433, 434, 435, 436, 439, 440, 442, 444, 445, 446, 472, 481, 482, 483, 488, 490, 492, 493, 495, 496, 497, 498, 501, 509, 510, 516, 517, 518, 519, 522, 524, 525, 527, 545, 546, 547, 548, 549, 570, 573, 574, 577, 583, 586, 591, 594, 596], "excluded_lines": [], "functions": {"get_generation_status": {"executed_lines": [], "summary": {"covered_lines": 0, "num_statements": 2, "percent_covered": 0.0, "percent_covered_display": "0", "missing_lines": 2, "excluded_lines": 0}, "missing_lines": [57, 59], "excluded_lines": []}, "generate_image_for_description": {"executed_lines": [], "summary": {"covered_lines": 0, "num_statements": 24, "percent_covered": 0.0, "percent_covered_display": "0", "missing_lines": 24, "excluded_lines": 0}, "missing_lines": [97, 106, 108, 109, 115, 118, 119, 120, 125, 127, 133, 134, 140, 142, 143, 148, 159, 160, 161, 163, 173, 174, 175, 176], "excluded_lines": []}, "generate_images_for_chapter": {"executed_lines": [], "summary": {"covered_lines": 0, "num_statements": 32, "percent_covered": 0.0, "percent_covered_display": "0", "missing_lines": 32, "excluded_lines": 0}, "missing_lines": [204, 210, 212, 213, 219, 222, 223, 227, 230, 232, 233, 239, 244, 246, 250, 251, 259, 260, 267, 268, 270, 271, 272, 274, 285, 286, 294, 296, 298, 308, 309, 310], "excluded_lines": []}, "get_book_images": {"executed_lines": [], "summary": {"covered_lines": 0, "num_statements": 10, "percent_covered": 0.0, "percent_covered_display": "0", "missing_lines": 10, "excluded_lines": 0}, "missing_lines": [338, 341, 343, 344, 350, 360, 361, 363, 364, 389], "excluded_lines": []}, "delete_generated_image": {"executed_lines": [], "summary": {"covered_lines": 0, "num_statements": 17, "percent_covered": 0.0, "percent_covered_display": "0", "missing_lines": 17, "excluded_lines": 0}, "missing_lines": [415, 420, 422, 423, 428, 430, 431, 433, 434, 435, 436, 439, 440, 442, 444, 445, 446], "excluded_lines": []}, "regenerate_image": {"executed_lines": [], "summary": {"covered_lines": 0, "num_statements": 28, "percent_covered": 0.0, "percent_covered_display": "0", "missing_lines": 28, "excluded_lines": 0}, "missing_lines": [472, 481, 482, 483, 488, 490, 492, 493, 495, 496, 497, 498, 501, 509, 510, 516, 517, 518, 519, 522, 524, 525, 527, 545, 546, 547, 548, 549], "excluded_lines": []}, "get_admin_image_stats": {"executed_lines": [], "summary": {"covered_lines": 0, "num_statements": 9, "percent_covered": 0.0, "percent_covered_display": "0", "missing_lines": 9, "excluded_lines": 0}, "missing_lines": [570, 573, 574, 577, 583, 586, 591, 594, 596], "excluded_lines": []}, "": {"executed_lines": [1, 8, 9, 10, 11, 12, 13, 15, 16, 17, 18, 19, 20, 21, 22, 25, 29, 30, 32, 33, 34, 35, 38, 39, 41, 42, 43, 44, 47, 48, 75, 76, 182, 183, 316, 317, 397, 398, 452, 453, 555, 556], "summary": {"covered_lines": 39, "num_statements": 39, "percent_covered": 100.0, "percent_covered_display": "100", "missing_lines": 0, "excluded_lines": 0}, "missing_lines": [], "excluded_lines": []}}, "classes": {"ImageGenerationParams": {"executed_lines": [], "summary": {"covered_lines": 0, "num_statements": 0, "percent_covered": 100.0, "percent_covered_display": "100", "missing_lines": 0, "excluded_lines": 0}, "missing_lines": [], "excluded_lines": []}, "BatchGenerationRequest": {"executed_lines": [], "summary": {"covered_lines": 0, "num_statements": 0, "percent_covered": 100.0, "percent_covered_display": "100", "missing_lines": 0, "excluded_lines": 0}, "missing_lines": [], "excluded_lines": []}, "": {"executed_lines": [1, 8, 9, 10, 11, 12, 13, 15, 16, 17, 18, 19, 20, 21, 22, 25, 29, 30, 32, 33, 34, 35, 38, 39, 41, 42, 43, 4
[...]
63, 384, 387], "excluded_lines": []}}, "classes": {"BatchProcessor": {"executed_lines": [], "summary": {"covered_lines": 0, "num_statements": 30, "percent_covered": 0.0, "percent_covered_display": "0", "missing_lines": 30, "excluded_lines": 0}, "missing_lines": [30, 31, 32, 33, 34, 35, 44, 46, 52, 53, 54, 58, 59, 61, 63, 65, 66, 70, 71, 73, 75, 76, 78, 84, 85, 88, 91, 93, 94, 96], "excluded_lines": []}, "ResourceMonitor": {"executed_lines": [], "summary": {"covered_lines": 0, "num_statements": 22, "percent_covered": 0.0, "percent_covered_display": "0", "missing_lines": 22, "excluded_lines": 0}, "missing_lines": [103, 104, 105, 106, 107, 111, 113, 114, 116, 119, 120, 121, 123, 124, 129, 130, 133, 134, 135, 137, 141, 142], "excluded_lines": []}, "OptimizedBookParser": {"executed_lines": [], "summary": {"covered_lines": 0, "num_statements": 82, "percent_covered": 0.0, "percent_covered_display": "0", "missing_lines": 82, "excluded_lines": 0}, "missing_lines": [155, 156, 157, 158, 163, 164, 165, 167, 168, 171, 176, 177, 188, 189, 191, 192, 193, 195, 196, 197, 199, 200, 201, 202, 203, 206, 211, 212, 219, 222, 224, 227, 228, 238, 239, 240, 246, 247, 250, 251, 254, 257, 258, 260, 272, 279, 286, 287, 290, 291, 293, 295, 298, 301, 303, 304, 305, 306, 307, 309, 311, 332, 338, 339, 342, 343, 344, 345, 347, 348, 350, 351, 352, 353, 355, 356, 358, 359, 361, 367, 379, 380], "excluded_lines": []}, "": {"executed_lines": [1, 6, 7, 8, 9, 10, 11, 12, 13], "summary": {"covered_lines": 8, "num_statements": 35, "percent_covered": 22.857142857142858, "percent_covered_display": "23", "missing_lines": 27, "excluded_lines": 0}, "missing_lines": [15, 16, 17, 19, 20, 21, 23, 26, 29, 37, 56, 80, 99, 102, 109, 139, 151, 154, 160, 161, 173, 179, 281, 334, 363, 384, 387], "excluded_lines": []}}}, "app/services/parsing_manager.py": {"executed_lines": [], "summary": {"covered_lines": 0, "num_statements": 112, "percent_covered": 0.0, "percent_covered_display": "0", "missing_lines": 112, "excluded_lines": 0}, "missing_lines": [8, 9, 10, 11, 12, 13, 14, 16, 17, 19, 22, 25, 26, 27, 28, 29, 30, 33, 35, 37, 38, 41, 43, 54, 56, 61, 63, 64, 66, 72, 74, 81, 84, 85, 86, 87, 91, 92, 98, 100, 102, 109, 111, 118, 125, 126, 127, 129, 130, 132, 134, 137, 138, 139, 140, 141, 142, 144, 153, 156, 166, 169, 170, 173, 174, 188, 197, 204, 207, 209, 210, 212, 214, 215, 217, 219, 230, 232, 233, 243, 245, 249, 251, 253, 254, 256, 257, 259, 261, 268, 270, 271, 272, 275, 277, 278, 279, 281, 282, 285, 287, 288, 290, 292, 294, 297, 305, 307, 308, 310, 313, 319], "excluded_lines": [], "functions": {"ParsingManager.__init__": {"executed_lines": [], "summary": {"covered_lines": 0, "num_statements": 6, "percent_covered": 0.0, "percent_covered_display": "0", "missing_lines": 6, "excluded_lines": 0}, "missing_lines": [26, 27, 28, 29, 30, 33], "excluded_lines": []}, "ParsingManager._get_redis": {"executed_lines": [], "summary": {"covered_lines": 0, "num_statements": 3, "percent_covered": 0.0, "percent_covered_display": "0", "missing_lines": 3, "excluded_lines": 0}, "missing_lines": [37, 38, 41], "excluded_lines": []}, "ParsingManager.get_user_priority": {"executed_lines": [], "summary": {"covered_lines": 0, "num_statements": 7, "percent_covered": 0.0, "percent_covered_display": "0", "missing_lines": 7, "excluded_lines": 0}, "missing_lines": [54, 56, 61, 63, 64, 66, 72], "excluded_lines": []}, "ParsingManager.can_start_parsing": {"executed_lines": [], "summary": {"covered_lines": 0, "num_statements": 9, "percent_covered": 0.0, "percent_covered_display": "0", "missing_lines": 9, "excluded_lines": 0}, "missing_lines": [81, 84, 85, 86, 87, 91, 92, 98, 100], "excluded_lines": []}, "ParsingManager.acquire_parsing_lock": {"executed_lines": [], "summary": {"covered_lines": 0, "num_statements": 8, "percent_covered": 0.0, "percent_covered_display": "0", "missing_lines": 8, "excluded_lines": 0}, "missing_lines": [109, 111, 118, 125, 126, 127, 129, 130], "excluded_lines": []}, "ParsingManager.release_parsing_lock": {"executed_lines": [], "summary": {"covered_lines": 0, "num_statements": 7, "percent_covered": 0.0, "percent_covered_display": "0", "missing_lines": 7, "excluded_lines": 0}, "missing_lines": [134, 137, 138, 139, 140, 141, 142], "excluded_lines": []}, "ParsingManager.add_to_parsing_queue": {"executed_lines": [], "summary": {"covered_lines": 0, "num_statements": 8, "percent_covered": 0.0, "percent_covered_display": "0", "missing_lines": 8, "excluded_lines": 0}, "missing_lines": [153, 156, 166, 169, 170, 173, 174, 188], "excluded_lines": []}, "ParsingManager.get_next_from_queue": {"executed_lines": [], "summary": {"covered_lines": 0, "num_statements": 8, "percent_covered": 0.0, "percent_covered_display": "0", "missing_lines": 8, "excluded_lines": 0}, "missing_lines": [204, 207, 209, 210, 212, 214, 215, 217], "excluded_lines": []}, "ParsingManager.update_parsing_status": {"executed_lines": [], "summary": {"covered_lines": 0, "num_statements": 5, "percent_covered": 0.0, "percent_covered_display": "0", "missing_lines": 5, "excluded_lines": 0}, "missing_lines": [230, 232, 233, 243, 245], "excluded_lines": []}, "ParsingManager.get_parsing_status": {"executed_lines": [], "summary": {"covered_lines": 0, "num_statements": 6, "percent_covered": 0.0, "percent_covered_display": "0", "missing_lines": 6, "excluded_lines": 0}, "missing_lines": [251, 253, 254, 256, 257, 259], "excluded_lines": []}, "ParsingManager.process_parsing_queue": {"executed_lines": [], "summary": {"covered_lines": 0, "num_statements": 22, "percent_covered": 0.0, "percent_covered_display": "0", "missing_lines": 22, "excluded_lines": 0}, "missing_lines": [268, 270, 271, 272, 275, 277, 278, 279, 281, 282, 285, 287, 288, 290, 292, 294, 297, 305, 307, 308, 310, 313], "excluded_lines": []}, "": {"executed_lines": [], "summary": {"covered_lines": 0, "num_statements": 23, "percent_covered": 0.0, "percent_covered_display": "0", "missing_lines": 23, "excluded_lines": 0}, "missing_lines": [8, 9, 10, 11, 12, 13, 14, 16, 17, 19, 22, 25, 35, 43, 74, 102, 132, 144, 197, 219, 249, 261, 319], "excluded_lines": []}}, "classes": {"ParsingManager": {"executed_lines": [], "summary": {"covered_lines": 0, "num_statements": 89, "percent_covered": 0.0, "percent_covered_display": "0", "missing_lines": 89, "excluded_lines": 0}, "missing_lines": [26, 27, 28, 29, 30, 33, 37, 38, 41, 54, 56, 61, 63, 64, 66, 72, 81, 84, 85, 86, 87, 91, 92, 98, 100, 109, 111, 118, 125, 126, 127, 129, 130, 134, 137, 138, 139, 140, 141, 142, 153, 156, 166, 169, 170, 173, 174, 188, 204, 207, 209, 210, 212, 214, 215, 217, 230, 232, 233, 243, 245, 251, 253, 254, 256, 257, 259, 268, 270, 271, 272, 275, 277, 278, 279, 281, 282, 285, 287, 288, 290, 292, 294, 297, 305, 307, 308, 310, 313], "excluded_lines": []}, "": {"executed_lines": [], "summary": {"covered_lines": 0, "num_statements": 23, "percent_covered": 0.0, "percent_covered_display": "0", "missing_lines": 23, "excluded_lines": 0}, "missing_lines": [8, 9, 10, 11, 12, 13, 14, 16, 17, 19, 22, 25, 35, 43, 74, 102, 132, 144, 197, 219, 249, 261, 319], "excluded_lines": []}}}, "app/services/settings_manager.py": {"executed_lines": [1, 10, 11, 12, 14, 17, 18, 19, 25, 26, 28, 38, 42, 45, 53, 65, 79, 90, 100, 109, 116, 117, 118, 120, 138, 160, 170, 171, 173, 175, 195, 208, 221], "summary": {"covered_lines": 31, "num_statements": 54, "percent_covered": 57.407407407407405, "percent_covered_display": "57", "missing_lines": 23, "excluded_lines": 0}, "missing_lines": [39, 40, 132, 133, 135, 136, 150, 151, 153, 154, 156, 157, 158, 188, 189, 191, 192, 193, 205, 206, 215, 216, 217], "excluded_lines": [], "functions": {"SettingsManager.initialize_default_settings": {"executed_lines": [38, 42, 45, 53, 65, 79, 90, 100, 109, 116, 117, 118], "summary": {"covered_lines": 12, "num_statements": 14, "percent_covered": 85.71428571428571, "percent_covered_display": "86", "missing_lines": 2, "excluded_lines": 0}, "missing_lines": [39, 40], "excluded_lines": []}, "SettingsManager.get_setting": {"executed_lines": [], "summary": {"covered_lines": 0, "num_statements": 4, "percent_covered": 0.0, "percent_covered_display": "0", "missing_lines": 4, "excluded_lines": 0}, "missing_lines": [132, 133, 135, 136], "excluded_lines": []}, "SettingsManager.set_setting": {"executed_lines": [], "summary": {"covered_lines": 0, "num_statements": 7, "percent_covered": 0.0, "percent_covered_display": "0", "missing_lines": 7, "excluded_lines": 0}, "missing_lines": [150, 151, 153, 154, 156, 157, 158], "excluded_lines": []}, "SettingsManager.get_category_settings": {"executed_lines": [170, 171, 173], "summary": {"covered_lines": 3, "num_statements": 3, "percent_covered": 100.0, "percent_covered_display": "100", "missing_lines": 0, "excluded_lines": 0}, "missing_lines": [], "excluded_lines": []}, "SettingsManager.set_category_settings": {"executed_lines": [], "summary": {"covered_lines": 0, "num_statements": 5, "percent_covered": 0.0, "percent_covered_display": "0", "missing_lines": 5, "excluded_lines": 0}, "missing_lines": [188, 189, 191, 192, 193], "excluded_lines": []}, "SettingsManager.get_processor_config": {"executed_lines": [], "summary": {"covered_lines": 0, "num_statements": 2, "percent_covered": 0.0, "percent_covered_display": "0", "missing_lines": 2, "excluded_lines": 0}, "missing_lines": [205, 206], "excluded_lines": []}, "SettingsManager.reset_to_defaults": {"executed_lines": [], "summary": {"covered_lines": 0, "num_statements": 3, "percent_covered": 0.0, "percent_covered_display": "0", "missing_lines": 3, "excluded_lines": 0}, "missing_lines": [215, 216, 217], "excluded_lines": []}, "": {"executed_lines": [1, 10, 11, 12, 14, 17, 18, 19, 25, 26, 28, 120, 138, 160, 175, 195, 208, 221], "summary": {"covered_lines": 16, "num_statements": 16, "percent_covered": 100.0, "percent_covered_display": "100", "missing_lines": 0, "excluded_lines": 0}, "missing_lines": [], "excluded_lines": []}}, "classes": {"SettingsManager": {"executed_lines": [38, 42, 45, 53, 65, 79, 90, 100, 109, 116, 117, 118, 170, 171, 173], "summary": {"covered_lines": 15, "num_statements": 38, "percent_covered": 39.473684210526315, "percent_covered_display": "39", "missing_lines": 23, "excluded_lines": 0}, "missing_lines": [39, 40, 132, 133, 135, 136, 150, 151, 153, 154, 156, 157, 158, 188, 189, 191, 192, 193, 205, 206, 215, 216, 217], "excluded_lines": []}, "": {"executed_lines": [1, 10, 11, 12, 14, 17, 18, 19, 25, 26, 28, 120, 138, 160, 175, 195, 208, 221], "summary": {"covered_lines": 16, "num_statements": 16, "percent_covered": 100.0, "percent_covered_display": "100", "missing_lines": 0, "excluded_lines": 0}, "missing_lines": [], "excluded_lines": []}}}, "app/services/stanza_processor.py": {"executed_lines": [1, 6, 7, 8, 9, 11, 12, 13, 14, 18, 24, 27, 28, 30, 55, 123, 183, 241, 284, 320, 352, 381, 400, 409, 413, 418, 431, 467, 480, 504, 525, 529], "summary": {"covered_lines": 30, "num_statements": 205, "percent_covered": 14.634146341463415, "percent_covered_display": "15", "missing_lines": 175, "excluded_lines": 0}, "missing_lines": [31, 32, 35, 38, 57, 58, 60, 61, 66, 68, 71, 73, 74, 76, 84, 86, 87, 88, 90, 91, 94, 95, 96, 99, 100, 102, 103, 105, 109, 111, 112, 113, 115, 116, 117, 119, 120, 121, 127, 129, 130, 132, 133, 136, 137, 139, 140, 143, 144, 145, 148, 149, 152, 153, 156, 159, 160, 163, 168, 169, 171, 174, 176, 177, 178, 181, 185, 186, 190, 192, 193, 195, 198, 203, 207, 208, 212, 213, 239, 243, 245, 247, 249, 250, 251, 254, 255, 257, 261, 282, 286, 288, 290, 292, 293, 294, 295, 297, 301, 318, 322, 324, 326, 328, 329, 330, 332, 333, 350, 356, 359, 363, 364, 368, 369, 373, 376, 377, 379, 386, 387, 390, 391, 394, 395, 396, 398, 402, 411, 416, 421, 426, 427, 429, 433, 436, 437, 439, 440, 441, 452, 453, 454, 455, 465, 470, 471, 472, 474, 475, 476, 478, 482, 484, 485, 487, 488, 489, 490, 492, 494, 495, 497, 498, 500, 502, 506, 507, 509, 510, 511, 512, 518, 527, 533], "excluded_lines": [], "functions": {"EnhancedStanzaProcessor.__init__": {"executed_lines": [], "summary": {"covered_lines": 0, "num_statements": 4, "percent_covered": 0.0, "percent_covered_display": "0", "missing_lines": 4, "excluded_lines": 0}, "missing_lines": [31, 32, 35, 38], "excluded_lines": []}, "EnhancedStanzaProcessor.load_model": {"executed_lines": [], "summary": {"covered_lines": 0, "num_statements": 34, "percent_covered": 0.0, "percent_covered_display": "0", "missing_lines": 34, "excluded_lines": 0}, "missing_lines": [57, 58, 60, 61, 66, 68, 71, 73, 74, 76, 84, 86, 87, 88, 90, 91, 94, 95, 96, 99, 100, 102, 103, 105, 109, 111, 112, 113, 115, 116, 117, 119, 120, 121], "excluded_lines": []}, "EnhancedStanzaProcessor.extract_descriptions": {"executed_lines": [], "summary": {"covered_lines": 0, "num_statements": 28, "percent_covered": 0.0, "percent_covered_display": "0", "missing_lines": 28, "excluded_lines": 0}, "missing_lines": [127, 129, 130, 132, 133, 136, 137, 139, 140, 143, 144, 145, 148, 149, 152, 153, 156, 159, 160, 163, 168, 169, 171, 174, 176, 177, 178, 181], "excluded_lines": []}, "EnhancedStanzaProcessor._extract_dependency_descriptions": {"executed_lines": [], "summary": {"covered_lines": 0, "num_statements": 13, "percent_covered": 0.0, "percent_covered_display": "0", "missing_lines": 13, "excluded_lines": 0}, "missing_lines": [185, 186, 190, 192, 193, 195, 198, 203, 207, 208, 212, 213, 239], "excluded_lines": []}, "EnhancedStanzaProcessor._extract_ner_descriptions": {"executed_lines": [], "summary": {"covered_lines": 0, "num_statements": 11, "percent_covered": 0.0, "percent_covered_display": "0", "missing_lines": 11, "excluded_lines": 0}, "missing_lines": [243, 245, 247, 249, 250, 251, 254, 255, 257, 261, 282], "excluded_lines": []}, "EnhancedStanzaProcessor._extract_complex_syntax_descriptions": {"executed_lines": [], "summary": {"covered_lines": 0, "num_statements": 10, "percent_covered": 0.0, "percent_covered_display": "0", "missing_lines": 10, "excluded_lines": 0}, "missing_lines": [286, 288, 290, 292, 293, 294, 295, 297, 301, 318], "excluded_lines": []}, "EnhancedStanzaProcessor._extract_morphological_descriptions": {"executed_lines": [], "summary": {"covered_lines": 0, "num_statements": 9, "percent_covered": 0.0, "percent_covered_display": "0", "missing_lines": 9, "excluded_lines": 0}, "missing_lines": [322, 324, 326, 328, 329, 330, 332, 333, 350], "excluded_lines": []}, "EnhancedStanzaProcessor._determine_type_by_pos_and_context": {"executed_lines": [], "summary": {"covered_lines": 0, "num_statements": 10, "percent_covered": 0.0, "percent_covered_display": "0", "missing_lines": 10, "excluded_lines": 0}, "missing_lines": [356, 359, 363, 364, 368, 369, 373, 376, 377, 379], "excluded_lines": []}, "EnhancedStanzaProcessor._get_dependency_context": {"executed_lines": [], "summary": {"covered_lines": 0, "num_statements": 8, "percent_covered": 0.0, "percent_covered_display": "0", "missing_lines": 8, "excluded_lines": 0}, "missing_lines": [386, 387, 390, 391, 394, 395, 396, 398], "excluded_lines": []}, "EnhancedStanzaProcessor._calculate_dependency_confidence": {"executed_lines": [], "summary": {"covered_lines": 0, "num_statements": 1, "percent_covered": 0.0, "percent_covered_display": "0", "missing_lines": 1, "excluded_lines": 0}, "missing_lines": [402], "excluded_lines": []}, "EnhancedStanzaProcessor._map_stanza_entity_to_description_type": {"executed_lines": [], "summary": {"covered_lines": 0, "num_statements": 1, "percent_covered": 0.0, "percent_covered_display": "0", "missing_lines": 1, "excluded_lines": 0}, "missing_lines": [411], "excluded_lines": []}, "EnhancedStanzaProcessor._get_entity_context": {"executed_lines": [], "summary": {"covered_lines": 0, "num_statements": 1, "percent_covered": 0.0, "percent_covered_display": "0", "missing_lines": 1, "excluded_lines": 0}, "missing_lines": [416], "excluded_lines": []}, "EnhancedStanzaProcessor._calculate_ner_confidence": {"executed_lines": [], "summary": {"covered_lines": 0, "num_statements": 4, "percent_covered": 0.0, "percent_covered_display": "0", "missing_lines": 4, "excluded_lines": 0}, "missing_lines": [421, 426, 427, 429], "excluded_lines": []}, "EnhancedStanzaProcessor._find_complex_descriptive_patterns": {"executed_lines": [], "summary": {"covered_lines": 0, "num_statements": 11, "percent_covered": 0.0, "percent_covered_display": "0", "missing_lines": 11, "excluded_lines": 0}, "missing_lines": [433, 436, 437, 439, 440, 441, 452, 453, 454, 455, 465], "excluded_lines": []}, "EnhancedStanzaProcessor._extract_participial_phrase": {"executed_lines": [], "summary": {"covered_lines": 0, "num_statements": 7, "percent_covered": 0.0, "percent_covered_display": "0", "missing_lines": 7, "excluded_lines": 0}, "missing_lines": [470, 471, 472, 474, 475, 476, 478], "excluded_lines": []}, "EnhancedStanzaProcessor._extract_complex_noun_phrases": {"executed_lines": [], "summary": {"covered_lines": 0, "num_statements": 14, "percent_covered": 0.0, "percent_covered_display": "0", "missing_lines": 14, "excluded_lines": 0}, "missing_lines": [482, 484, 485, 487, 488, 489, 490, 492, 494, 495, 497, 498, 500, 502], "excluded_lines": []}, "EnhancedStanzaProcessor._calculate_morphological_descriptiveness": {"executed_lines": [], "summary": {"covered_lines": 0, "num_statements": 7, "percent_covered": 0.0, "percent_covered_display": "0", "missing_lines": 7, "excluded_lines": 0}, "missing_lines": [506, 507, 509, 510, 511, 512, 518], "excluded_lines": []}, "EnhancedStanzaProcessor._determine_type_by_morphology": {"executed_lines": [], "summary": {"covered_lines": 0, "num_statements": 1, "percent_covered": 0.0, "percent_covered_display": "0", "missing_lines": 1, "excluded_lines": 0}, "missing_lines": [527], "excluded_lines": []}, "EnhancedStanzaProcessor._filter_and_prioritize_descriptions": {"executed_lines": [], "summary": {"covered_lines": 0, "num_statements": 1, "percent_covered": 0.0, "percent_covered_display": "0", "missing_lines": 1, "excluded_lines": 0}, "missing_lines": [533], "excluded_lines": []}, "": {"executed_lines": [1, 6, 7, 8, 9, 11, 12, 13, 14, 18, 24, 27, 28, 30, 55, 123, 183, 241, 284, 320, 352, 381, 400, 409, 413, 418, 431, 467, 480, 504, 525, 529], "summary": {"covered_lines": 30, "num_statements": 30, "percent_covered": 100.0, "percent_covered_display": "100", "missing_lines": 0, "excluded_lines": 0}, "missing_lines": [], "excluded_lines": []}}, "classes": {"EnhancedStanzaProcessor": {"executed_lines": [], "summary": {"covered_lines": 0, "num_statements": 175, "percent_covered": 0.0, "percent_covered_display": "0", "missing_lines": 175, "excluded_lines": 0}, "missing_lines": [31, 32, 35, 38, 57, 58, 60, 61, 66, 68, 71, 73, 74, 76, 84, 86, 87, 88, 90, 91, 94, 95, 96, 99, 100, 102, 103, 105, 109, 111, 112, 113, 115, 116, 117, 119, 120, 121, 127, 129, 130, 132, 133, 136, 137, 139, 140, 143, 144, 145, 148, 149, 152, 153, 156, 159, 160, 163, 168, 169, 171, 174, 176, 177, 178, 181, 185, 186, 190, 192, 193, 195, 198, 203, 207, 208, 212, 213, 239, 243, 245, 247, 249, 250, 251, 254, 255, 257, 261, 282, 286, 288, 290, 292, 293, 294, 295, 297, 301, 318, 322, 324, 326, 328, 329, 330, 332, 333, 350, 356, 359, 363, 364, 368, 369, 373, 376, 377, 379, 386, 387, 390, 391, 394, 395, 396, 398, 402, 411, 416, 421, 426, 427, 429, 433, 436, 437, 439, 440, 441, 452, 453, 454, 455, 465, 470, 471, 472, 474, 475, 476, 478, 482, 484, 485, 487, 488, 489, 490, 492, 494, 495, 497, 498, 500, 502, 506, 507, 509, 510, 511, 512, 518, 527, 533], "excluded_lines": []}, "": {"executed_lines": [1, 6, 7, 8, 9, 11, 12, 13, 14, 18, 24, 27, 28, 30, 55, 123, 183, 241, 284, 320, 352, 381, 400, 409, 413, 418, 431, 467, 480, 504, 525, 529], "summary": {"covered_lines": 30, "num_statements": 30, "percent_covered": 100.0, "percent_covered_display": "100", "missing_lines": 0, "excluded_lines": 0}, "missing_lines": [], "excluded_lines": []}}}}, "totals": {"covered_lines": 1961, "num_statements": 5862, "percent_covered": 33.452746502900034, "percent_covered_display": "33", "missing_lines": 3901, "excluded_lines": 2}}