<testsuites id="" name="" tests="100" failures="0" skipped="100" errors="0" time="0.03143100000000004">
<testsuite name="pwa.spec.ts" timestamp="2026-01-09T19:41:42.452Z" hostname="chromium" tests="20" failures="0" skipped="20" time="0" errors="0">
<testcase name="PWA Features › Manifest and Service Worker › должен иметь валидный web app manifest" classname="pwa.spec.ts" time="0">
<skipped>
</skipped>
</testcase>
<testcase name="PWA Features › Manifest and Service Worker › должен регистрировать service worker" classname="pwa.spec.ts" time="0">
<skipped>
</skipped>
</testcase>
<testcase name="PWA Features › Manifest and Service Worker › должен активировать service worker" classname="pwa.spec.ts" time="0">
<skipped>
</skipped>
</testcase>
<testcase name="PWA Features › Offline Mode › должен показывать app shell при offline" classname="pwa.spec.ts" time="0">
<skipped>
</skipped>
</testcase>
<testcase name="PWA Features › Offline Mode › должен показывать offline indicator при потере сети" classname="pwa.spec.ts" time="0">
<skipped>
</skipped>
</testcase>
<testcase name="PWA Features › Offline Mode › должен восстанавливать работу при возврате сети" classname="pwa.spec.ts" time="0">
<skipped>
</skipped>
</testcase>
<testcase name="PWA Features › Caching › должен кэшировать статические ассеты" classname="pwa.spec.ts" time="0">
<skipped>
</skipped>
</testcase>
<testcase name="PWA Features › Caching › должен использовать кешированные ассеты при повторной загрузке" classname="pwa.spec.ts" time="0">
<skipped>
</skipped>
</testcase>
<testcase name="PWA Features › iOS Support › должен определять iOS устройства" classname="pwa.spec.ts" time="0">
<skipped>
</skipped>
</testcase>
<testcase name="PWA Features › iOS Support › должен иметь apple-touch-icon для iOS" classname="pwa.spec.ts" time="0">
<skipped>
</skipped>
</testcase>
<testcase name="PWA Features › iOS Support › должен иметь viewport meta для iOS" classname="pwa.spec.ts" time="0">
<skipped>
</skipped>
</testcase>
<testcase name="PWA Features › Update Prompt › должен проверять обновления при загрузке" classname="pwa.spec.ts" time="0">
<skipped>
</skipped>
</testcase>
<testcase name="PWA Features › Update Prompt › должен иметь компонент PWAUpdatePrompt в DOM" classname="pwa.spec.ts" time="0">
<skipped>
</skipped>
</testcase>
<testcase name="PWA Features › PWA Installation › должен поддерживать beforeinstallprompt event" classname="pwa.spec.ts" time="0">
<skipped>
</skipped>
</testcase>
<testcase name="PWA Features › PWA Installation › должен определять standalone режим" classname="pwa.spec.ts" time="0">
<skipped>
</skipped>
</testcase>
<testcase name="PWA Features › PWA Metadata › должен иметь корректные meta теги" classname="pwa.spec.ts" time="0">
<skipped>
</skipped>
</testcase>
<testcase name="PWA Features › PWA Metadata › должен иметь правильный title" classname="pwa.spec.ts" time="0">
<skipped>
</skipped>
</testcase>
<testcase name="PWA Features › Cache Storage Management › должен иметь механизм очистки кеша" classname="pwa.spec.ts" time="0">
<skipped>
</skipped>
</testcase>
<testcase name="PWA Features › Offline Functionality › должен работать без сети после первой загрузки" classname="pwa.spec.ts" time="0">
<skipped>
</skipped>
</testcase>
<testcase name="PWA Features › Performance › должен быстро загружаться из кеша" classname="pwa.spec.ts" time="0">
<skipped>
</skipped>
</testcase>
</testsuite>
<testsuite name="pwa.spec.ts" timestamp="2026-01-09T19:41:42.452Z" hostname="firefox" tests="20" failures="0" skipped="20" time="0" errors="0">
<testcase name="PWA Features › Manifest and Service Worker › должен иметь валидный web app manifest" classname="pwa.spec.ts" time="0">
<skipped>
</skipped>
</testcase>
<testcase name="PWA Features › Manifest and Service Worker › должен регистрировать service worker" classname="pwa.spec.ts" time="0">
<skipped>
</skipped>
</testcase>
<testcase name="PWA Features › Manifest and Service Worker › должен активировать service worker" classname="pwa.spec.ts" time="0">
<skipped>
</skipped>
</testcase>
<testcase name="PWA Features › Offline Mode › должен показывать app shell при offline" classname="pwa.spec.ts" time="0">
<skipped>
</skipped>
</testcase>
<testcase name="PWA Features › Offline Mode › должен показывать offline indicator при потере сети" classname="pwa.spec.ts" time="0">
<skipped>
</skipped>
</testcase>
<testcase name="PWA Features › Offline Mode › должен восстанавливать работу при возврате сети" classname="pwa.spec.ts" time="0">
<skipped>
</skipped>
</testcase>
<testcase name="PWA Features › Caching › должен кэшировать статические ассеты" classname="pwa.spec.ts" time="0">
<skipped>
</skipped>
</testcase>
<testcase name="PWA Features › Caching › должен использовать кешированные ассеты при повторной загрузке" classname="pwa.spec.ts" time="0">
<skipped>
</skipped>
</testcase>
<testcase name="PWA Features › iOS Support › должен определять iOS устройства" classname="pwa.spec.ts" time="0">
<skipped>
</skipped>
</testcase>
<testcase name="PWA Features › iOS Support › должен иметь apple-touch-icon для iOS" classname="pwa.spec.ts" time="0">
<skipped>
</skipped>
</testcase>
<testcase name="PWA Features › iOS Support › должен иметь viewport meta для iOS" classname="pwa.spec.ts" time="0">
<skipped>
</skipped>
</testcase>
<testcase name="PWA Features › Update Prompt › должен проверять обновления при загрузке" classname="pwa.spec.ts" time="0">
<skipped>
</skipped>
</testcase>
<testcase name="PWA Features › Update Prompt › должен иметь компонент PWAUpdatePrompt в DOM" classname="pwa.spec.ts" time="0">
<skipped>
</skipped>
</testcase>
<testcase name="PWA Features › PWA Installation › должен поддерживать beforeinstallprompt event" classname="pwa.spec.ts" time="0">
<skipped>
</skipped>
</testcase>
<testcase name="PWA Features › PWA Installation › должен определять standalone режим" classname="pwa.spec.ts" time="0">
<skipped>
</skipped>
</testcase>
<testcase name="PWA Features › PWA Metadata › должен иметь корректные meta теги" classname="pwa.spec.ts" time="0">
<skipped>
</skipped>
</testcase>
<testcase name="PWA Features › PWA Metadata › должен иметь правильный title" classname="pwa.spec.ts" time="0">
<skipped>
</skipped>
</testcase>
<testcase name="PWA Features › Cache Storage Management › должен иметь механизм очистки кеша" classname="pwa.spec.ts" time="0">
<skipped>
</skipped>
</testcase>
<testcase name="PWA Features › Offline Functionality › должен работать без сети после первой загрузки" classname="pwa.spec.ts" time="0">
<skipped>
</skipped>
</testcase>
<testcase name="PWA Features › Performance › должен быстро загружаться из кеша" classname="pwa.spec.ts" time="0">
<skipped>
</skipped>
</testcase>
</testsuite>
<testsuite name="pwa.spec.ts" timestamp="2026-01-09T19:41:42.452Z" hostname="webkit" tests="20" failures="0" skipped="20" time="0" errors="0">
<testcase name="PWA Features › Manifest and Service Worker › должен иметь валидный web app manifest" classname="pwa.spec.ts" time="0">
<skipped>
</skipped>
</testcase>
<testcase name="PWA Features › Manifest and Service Worker › должен регистрировать service worker" classname="pwa.spec.ts" time="0">
<skipped>
</skipped>
</testcase>
<testcase name="PWA Features › Manifest and Service Worker › должен активировать service worker" classname="pwa.spec.ts" time="0">
<skipped>
</skipped>
</testcase>
<testcase name="PWA Features › Offline Mode › должен показывать app shell при offline" classname="pwa.spec.ts" time="0">
<skipped>
</skipped>
</testcase>
<testcase name="PWA Features › Offline Mode › должен показывать offline indicator при потере сети" classname="pwa.spec.ts" time="0">
<skipped>
</skipped>
</testcase>
<testcase name="PWA Features › Offline Mode › должен восстанавливать работу при возврате сети" classname="pwa.spec.ts" time="0">
<skipped>
</skipped>
</testcase>
<testcase name="PWA Features › Caching › должен кэшировать статические ассеты" classname="pwa.spec.ts" time="0">
<skipped>
</skipped>
</testcase>
<testcase name="PWA Features › Caching › должен использовать кешированные ассеты при повторной загрузке" classname="pwa.spec.ts" time="0">
<skipped>
</skipped>
</testcase>
<testcase name="PWA Features › iOS Support › должен определять iOS устройства" classname="pwa.spec.ts" time="0">
<skipped>
</skipped>
</testcase>
<testcase name="PWA Features › iOS Support › должен иметь apple-touch-icon для iOS" classname="pwa.spec.ts" time="0">
<skipped>
</skipped>
</testcase>
<testcase name="PWA Features › iOS Support › должен иметь viewport meta для iOS" classname="pwa.spec.ts" time="0">
<skipped>
</skipped>
</testcase>
<testcase name="PWA Features › Update Prompt › должен проверять обновления при загрузке" classname="pwa.spec.ts" time="0">
<skipped>
</skipped>
</testcase>
<testcase name="PWA Features › Update Prompt › должен иметь компонент PWAUpdatePrompt в DOM" classname="pwa.spec.ts" time="0">
<skipped>
</skipped>
</testcase>
<testcase name="PWA Features › PWA Installation › должен поддерживать beforeinstallprompt event" classname="pwa.spec.ts" time="0">
<skipped>
</skipped>
</testcase>
<testcase name="PWA Features › PWA Installation › должен определять standalone режим" classname="pwa.spec.ts" time="0">
<skipped>
</skipped>
</testcase>
<testcase name="PWA Features › PWA Metadata › должен иметь корректные meta теги" classname="pwa.spec.ts" time="0">
<skipped>
</skipped>
</testcase>
<testcase name="PWA Features › PWA Metadata › должен иметь правильный title" classname="pwa.spec.ts" time="0">
<skipped>
</skipped>
</testcase>
<testcase name="PWA Features › Cache Storage Management › должен иметь механизм очистки кеша" classname="pwa.spec.ts" time="0">
<skipped>
</skipped>
</testcase>
<testcase name="PWA Features › Offline Functionality › должен работать без сети после первой загрузки" classname="pwa.spec.ts" time="0">
<skipped>
</skipped>
</testcase>
<testcase name="PWA Features › Performance › должен быстро загружаться из кеша" classname="pwa.spec.ts" time="0">
<skipped>
</skipped>
</testcase>
</testsuite>
<testsuite name="pwa.spec.ts" timestamp="2026-01-09T19:41:42.452Z" hostname="Mobile Chrome" tests="20" failures="0" skipped="20" time="0" errors="0">
<testcase name="PWA Features › Manifest and Service Worker › должен иметь валидный web app manifest" classname="pwa.spec.ts" time="0">
<skipped>
</skipped>
</testcase>
<testcase name="PWA Features › Manifest and Service Worker › должен регистрировать service worker" classname="pwa.spec.ts" time="0">
<skipped>
</skipped>
</testcase>
<testcase name="PWA Features › Manifest and Service Worker › должен активировать service worker" classname="pwa.spec.ts" time="0">
<skipped>
</skipped>
</testcase>
<testcase name="PWA Features › Offline Mode › должен показывать app shell при offline" classname="pwa.spec.ts" time="0">
<skipped>
</skipped>
</testcase>
<testcase name="PWA Features › Offline Mode › должен показывать offline indicator при потере сети" classname="pwa.spec.ts" time="0">
<skipped>
</skipped>
</testcase>
<testcase name="PWA Features › Offline Mode › должен восстанавливать работу при возврате сети" classname="pwa.spec.ts" time="0">
<skipped>
</skipped>
</testcase>
<testcase name="PWA Features › Caching › должен кэшировать статические ассеты" classname="pwa.spec.ts" time="0">
<skipped>
</skipped>
</testcase>
<testcase name="PWA Features › Caching › должен использовать кешированные ассеты при повторной загрузке" classname="pwa.spec.ts" time="0">
<skipped>
</skipped>
</testcase>
<testcase name="PWA Features › iOS Support › должен определять iOS устройства" classname="pwa.spec.ts" time="0">
<skipped>
</skipped>
</testcase>
<testcase name="PWA Features › iOS Support › должен иметь apple-touch-icon для iOS" classname="pwa.spec.ts" time="0">
<skipped>
</skipped>
</testcase>
<testcase name="PWA Features › iOS Support › должен иметь viewport meta для iOS" classname="pwa.spec.ts" time="0">
<skipped>
</skipped>
</testcase>
<testcase name="PWA Features › Update Prompt › должен проверять обновления при загрузке" classname="pwa.spec.ts" time="0">
<skipped>
</skipped>
</testcase>
<testcase name="PWA Features › Update Prompt › должен иметь компонент PWAUpdatePrompt в DOM" classname="pwa.spec.ts" time="0">
<skipped>
</skipped>
</testcase>
<testcase name="PWA Features › PWA Installation › должен поддерживать beforeinstallprompt event" classname="pwa.spec.ts" time="0">
<skipped>
</skipped>
</testcase>
<testcase name="PWA Features › PWA Installation › должен определять standalone режим" classname="pwa.spec.ts" time="0">
<skipped>
</skipped>
</testcase>
<testcase name="PWA Features › PWA Metadata › должен иметь корректные meta теги" classname="pwa.spec.ts" time="0">
<skipped>
</skipped>
</testcase>
<testcase name="PWA Features › PWA Metadata › должен иметь правильный title" classname="pwa.spec.ts" time="0">
<skipped>
</skipped>
</testcase>
<testcase name="PWA Features › Cache Storage Management › должен иметь механизм очистки кеша" classname="pwa.spec.ts" time="0">
<skipped>
</skipped>
</testcase>
<testcase name="PWA Features › Offline Functionality › должен работать без сети после первой загрузки" classname="pwa.spec.ts" time="0">
<skipped>
</skipped>
</testcase>
<testcase name="PWA Features › Performance › должен быстро загружаться из кеша" classname="pwa.spec.ts" time="0">
<skipped>
</skipped>
</testcase>
</testsuite>
<testsuite name="pwa.spec.ts" timestamp="2026-01-09T19:41:42.452Z" hostname="Mobile Safari" tests="20" failures="0" skipped="20" time="0" errors="0">
<testcase name="PWA Features › Manifest and Service Worker › должен иметь валидный web app manifest" classname="pwa.spec.ts" time="0">
<skipped>
</skipped>
</testcase>
<testcase name="PWA Features › Manifest and Service Worker › должен регистрировать service worker" classname="pwa.spec.ts" time="0">
<skipped>
</skipped>
</testcase>
<testcase name="PWA Features › Manifest and Service Worker › должен активировать service worker" classname="pwa.spec.ts" time="0">
<skipped>
</skipped>
</testcase>
<testcase name="PWA Features › Offline Mode › должен показывать app shell при offline" classname="pwa.spec.ts" time="0">
<skipped>
</skipped>
</testcase>
<testcase name="PWA Features › Offline Mode › должен показывать offline indicator при потере сети" classname="pwa.spec.ts" time="0">
<skipped>
</skipped>
</testcase>
<testcase name="PWA Features › Offline Mode › должен восстанавливать работу при возврате сети" classname="pwa.spec.ts" time="0">
<skipped>
</skipped>
</testcase>
<testcase name="PWA Features › Caching › должен кэшировать статические ассеты" classname="pwa.spec.ts" time="0">
<skipped>
</skipped>
</testcase>
<testcase name="PWA Features › Caching › должен использовать кешированные ассеты при повторной загрузке" classname="pwa.spec.ts" time="0">
<skipped>
</skipped>
</testcase>
<testcase name="PWA Features › iOS Support › должен определять iOS устройства" classname="pwa.spec.ts" time="0">
<skipped>
</skipped>
</testcase>
<testcase name="PWA Features › iOS Support › должен иметь apple-touch-icon для iOS" classname="pwa.spec.ts" time="0">
<skipped>
</skipped>
</testcase>
<testcase name="PWA Features › iOS Support › должен иметь viewport meta для iOS" classname="pwa.spec.ts" time="0">
<skipped>
</skipped>
</testcase>
<testcase name="PWA Features › Update Prompt › должен проверять обновления при загрузке" classname="pwa.spec.ts" time="0">
<skipped>
</skipped>
</testcase>
<testcase name="PWA Features › Update Prompt › должен иметь компонент PWAUpdatePrompt в DOM" classname="pwa.spec.ts" time="0">
<skipped>
</skipped>
</testcase>
<testcase name="PWA Features › PWA Installation › должен поддерживать beforeinstallprompt event" classname="pwa.spec.ts" time="0">
<skipped>
</skipped>
</testcase>
<testcase name="PWA Features › PWA Installation › должен определять standalone режим" classname="pwa.spec.ts" time="0">
<skipped>
</skipped>
</testcase>
<testcase name="PWA Features › PWA Metadata › должен иметь корректные meta теги" classname="pwa.spec.ts" time="0">
<skipped>
</skipped>
</testcase>
<testcase name="PWA Features › PWA Metadata › должен иметь правильный title" classname="pwa.spec.ts" time="0">
<skipped>
</skipped>
</testcase>
<testcase name="PWA Features › Cache Storage Management › должен иметь механизм очистки кеша" classname="pwa.spec.ts" time="0">
<skipped>
</skipped>
</testcase>
<testcase name="PWA Features › Offline Functionality › должен работать без сети после первой загрузки" classname="pwa.spec.ts" time="0">
<skipped>
</skipped>
</testcase>
<testcase name="PWA Features › Performance › должен быстро загружаться из кеша" classname="pwa.spec.ts" time="0">
<skipped>
</skipped>
</testcase>
</testsuite>
</testsuites>